<html>
<head>
<title>TestNG:  Surefire test</title>
<link href="../testng.css" rel="stylesheet" type="text/css" />
<link href="../my-testng.css" rel="stylesheet" type="text/css" />

<style type="text/css">
.log { display: none;} 
.stack-trace { display: none;} 
</style>
<script type="text/javascript">
<!--
function flip(e) {
  current = e.style.display;
  if (current == 'block') {
    e.style.display = 'none';
    return 0;
  }
  else {
    e.style.display = 'block';
    return 1;
  }
}

function toggleBox(szDivId, elem, msg1, msg2)
{
  var res = -1;  if (document.getElementById) {
    res = flip(document.getElementById(szDivId));
  }
  else if (document.all) {
    // this is the way old msie versions work
    res = flip(document.all[szDivId]);
  }
  if(elem) {
    if(res == 0) elem.innerHTML = msg1; else elem.innerHTML = msg2;
  }

}

function toggleAllBoxes() {
  if (document.getElementsByTagName) {
    d = document.getElementsByTagName('div');
    for (i = 0; i < d.length; i++) {
      if (d[i].className == 'log') {
        flip(d[i]);
      }
    }
  }
}

// -->
</script>

</head>
<body>
<h2 align='center'>Surefire test</h2><table border='1' align="center">
<tr>
<td>Tests passed/Failed/Skipped:</td><td>4/4/0</td>
</tr><tr>
<td>Started on:</td><td>Sat Mar 11 14:30:13 IST 2023</td>
</tr>
<tr><td>Total time:</td><td>372 seconds (372380 ms)</td>
</tr><tr>
<td>Included groups:</td><td></td>
</tr><tr>
<td>Excluded groups:</td><td></td>
</tr>
</table><p/>
<small><i>(Hover the method name to see the test class name)</i></small><p/>
<table width='100%' border='1' class='invocation-failed'>
<tr><td colspan='4' align='center'><b>FAILED TESTS</b></td></tr>
<tr><td><b>Test method</b></td>
<td width="30%"><b>Exception</b></td>
<td width="10%"><b>Time (seconds)</b></td>
<td><b>Instance</b></td>
</tr>
<tr>
<td title='runner.TestRunner.runScenario()'><b>runScenario</b><br>Test class: runner.TestRunner<br>Test method: Runs Cucumber Scenarios<br>Parameters: "user able to deboard the application", "Optional[My Application Feature]"<br/>
<a href="#Output-1987377620" onClick='toggleBox("Output-1987377620", this, "Show output", "Hide output");'>Show output</a>

<a href="#Output-1987377620" onClick="toggleAllBoxes();">Show all outputs</a>
<div class='log' id="Output-1987377620">
| Received parameter 'TestEnvironment' = QA| <br/>
| Initializing self healing driver| <br/>
| New driver instantiated.| <br/>
| Received parameter 'TestEnvironment' = QA| <br/>
| Scenario Name: user able to deboard the application| <br/>
| Received parameter 'TestEnvironment' = QA| <br/>
| Entered username| <br/>
| Entered password| <br/>
| Entered domain| <br/>
| Clicked on my application menu| <br/>
| Execution status is: FAILED| <br/>
</div>
</td>
<td><div><pre>org.openqa.selenium.NoSuchElementException: no such element: Unable to locate element: {&quot;method&quot;:&quot;xpath&quot;,&quot;selector&quot;:&quot;//td[contains(text(),&apos;appdemo212&apos;)]&quot;}
  (Session info: chrome=110.0.5481.180)
For documentation on this error, please visit: https://selenium.dev/exceptions/#no_such_element
Build info: version: &apos;4.1.1&apos;, revision: &apos;e8fcc2cecf&apos;
System info: host: &apos;LIN24010693&apos;, ip: &apos;192.168.1.3&apos;, os.name: &apos;Windows 10&apos;, os.arch: &apos;amd64&apos;, os.version: &apos;10.0&apos;, java.version: &apos;16&apos;
Driver info: org.openqa.selenium.chrome.ChromeDriver
Command: [ab4078abd4aecc8acfbe65a6e0c9949a, findElement {using=xpath, value=//td[contains(text(),&apos;appdemo212&apos;)]}]
Capabilities {acceptInsecureCerts: false, browserName: chrome, browserVersion: 110.0.5481.180, chrome: {chromedriverVersion: 110.0.5481.77 (65ed616c6e8e..., userDataDir: C:\Program Files (x86)\scop...}, goog:chromeOptions: {debuggerAddress: localhost:60896}, javascriptEnabled: true, networkConnectionEnabled: false, pageLoadStrategy: eager, platform: WINDOWS, platformName: WINDOWS, proxy: Proxy(), se:cdp: ws://localhost:60896/devtoo..., se:cdpVersion: 110.0.5481.180, setWindowRect: true, strictFileInteractability: false, timeouts: {implicit: 0, pageLoad: 300000, script: 30000}, unhandledPromptBehavior: dismiss and notify, webauthn:extension:credBlob: true, webauthn:extension:largeBlob: true, webauthn:virtualAuthenticators: true}
Session ID: ab4078abd4aecc8acfbe65a6e0c9949a
	at org.openqa.selenium.remote.codec.w3c.W3CHttpResponseCodec.createException(W3CHttpResponseCodec.java:200)
	at org.openqa.selenium.remote.codec.w3c.W3CHttpResponseCodec.decode(W3CHttpResponseCodec.java:133)
	at org.openqa.selenium.remote.codec.w3c.W3CHttpResponseCodec.decode(W3CHttpResponseCodec.java:53)
	at org.openqa.selenium.remote.HttpCommandExecutor.execute(HttpCommandExecutor.java:184)
	at org.openqa.selenium.remote.service.DriverCommandExecutor.invokeExecute(DriverCommandExecutor.java:167)
	at org.openqa.selenium.remote.service.DriverCommandExecutor.execute(DriverCommandExecutor.java:142)
	at org.openqa.selenium.remote.RemoteWebDriver.execute(RemoteWebDriver.java:543)
	at org.openqa.selenium.remote.ElementLocation$ElementFinder$2.findElement(ElementLocation.java:162)
	at org.openqa.selenium.remote.ElementLocation.findElement(ElementLocation.java:60)
	at org.openqa.selenium.remote.RemoteWebDriver.findElement(RemoteWebDriver.java:367)
	at org.openqa.selenium.remote.RemoteWebDriver.findElement(RemoteWebDriver.java:359)
	at com.epam.healenium.handlers.proxy.BaseHandler.findElement(BaseHandler.java:62)
	at com.epam.healenium.handlers.proxy.SelfHealingProxyInvocationHandler.invoke(SelfHealingProxyInvocationHandler.java:39)
	at jdk.proxy2/jdk.proxy2.$Proxy41.findElement(Unknown Source)
	at com.sogeti.automation.test.pageFactory.E2CO_MyApplicationPage.selectAppForDebaord(E2CO_MyApplicationPage.java:644)
	at stepdefinitions.E2COTestSteps.selectApplicationForDeboarding(E2COTestSteps.java:1180)
	at ?.clicks on application which is to deboard the applicationMyApplication, 0(file:///C:/Users/APathrut/eclipse-workspace/e2colitmus/E2CO%2520Automation/src/test/resources/Features/WebUITests/E2COTests_MyApplication.feature:112)
... Removed 5 stack frames</pre></div><a href='#' onClick='toggleBox("stack-trace1987377620", this, "Click to show all stack frames", "Click to hide stack frames")'>Click to show all stack frames</a>
<div class='stack-trace' id='stack-trace1987377620'><pre>org.openqa.selenium.NoSuchElementException: no such element: Unable to locate element: {&quot;method&quot;:&quot;xpath&quot;,&quot;selector&quot;:&quot;//td[contains(text(),&apos;appdemo212&apos;)]&quot;}
  (Session info: chrome=110.0.5481.180)
For documentation on this error, please visit: https://selenium.dev/exceptions/#no_such_element
Build info: version: &apos;4.1.1&apos;, revision: &apos;e8fcc2cecf&apos;
System info: host: &apos;LIN24010693&apos;, ip: &apos;192.168.1.3&apos;, os.name: &apos;Windows 10&apos;, os.arch: &apos;amd64&apos;, os.version: &apos;10.0&apos;, java.version: &apos;16&apos;
Driver info: org.openqa.selenium.chrome.ChromeDriver
Command: [ab4078abd4aecc8acfbe65a6e0c9949a, findElement {using=xpath, value=//td[contains(text(),&apos;appdemo212&apos;)]}]
Capabilities {acceptInsecureCerts: false, browserName: chrome, browserVersion: 110.0.5481.180, chrome: {chromedriverVersion: 110.0.5481.77 (65ed616c6e8e..., userDataDir: C:\Program Files (x86)\scop...}, goog:chromeOptions: {debuggerAddress: localhost:60896}, javascriptEnabled: true, networkConnectionEnabled: false, pageLoadStrategy: eager, platform: WINDOWS, platformName: WINDOWS, proxy: Proxy(), se:cdp: ws://localhost:60896/devtoo..., se:cdpVersion: 110.0.5481.180, setWindowRect: true, strictFileInteractability: false, timeouts: {implicit: 0, pageLoad: 300000, script: 30000}, unhandledPromptBehavior: dismiss and notify, webauthn:extension:credBlob: true, webauthn:extension:largeBlob: true, webauthn:virtualAuthenticators: true}
Session ID: ab4078abd4aecc8acfbe65a6e0c9949a
	at java.base/jdk.internal.reflect.NativeConstructorAccessorImpl.newInstance0(Native Method)
	at java.base/jdk.internal.reflect.NativeConstructorAccessorImpl.newInstance(NativeConstructorAccessorImpl.java:78)
	at java.base/jdk.internal.reflect.DelegatingConstructorAccessorImpl.newInstance(DelegatingConstructorAccessorImpl.java:45)
	at java.base/java.lang.reflect.Constructor.newInstanceWithCaller(Constructor.java:499)
	at java.base/java.lang.reflect.Constructor.newInstance(Constructor.java:480)
	at org.openqa.selenium.remote.codec.w3c.W3CHttpResponseCodec.createException(W3CHttpResponseCodec.java:200)
	at org.openqa.selenium.remote.codec.w3c.W3CHttpResponseCodec.decode(W3CHttpResponseCodec.java:133)
	at org.openqa.selenium.remote.codec.w3c.W3CHttpResponseCodec.decode(W3CHttpResponseCodec.java:53)
	at org.openqa.selenium.remote.HttpCommandExecutor.execute(HttpCommandExecutor.java:184)
	at org.openqa.selenium.remote.service.DriverCommandExecutor.invokeExecute(DriverCommandExecutor.java:167)
	at org.openqa.selenium.remote.service.DriverCommandExecutor.execute(DriverCommandExecutor.java:142)
	at org.openqa.selenium.remote.RemoteWebDriver.execute(RemoteWebDriver.java:543)
	at org.openqa.selenium.remote.ElementLocation$ElementFinder$2.findElement(ElementLocation.java:162)
	at org.openqa.selenium.remote.ElementLocation.findElement(ElementLocation.java:60)
	at org.openqa.selenium.remote.RemoteWebDriver.findElement(RemoteWebDriver.java:367)
	at org.openqa.selenium.remote.RemoteWebDriver.findElement(RemoteWebDriver.java:359)
	at com.epam.healenium.handlers.proxy.BaseHandler.findElement(BaseHandler.java:62)
	at com.epam.healenium.handlers.proxy.SelfHealingProxyInvocationHandler.invoke(SelfHealingProxyInvocationHandler.java:39)
	at jdk.proxy2/jdk.proxy2.$Proxy41.findElement(Unknown Source)
	at com.sogeti.automation.test.pageFactory.E2CO_MyApplicationPage.selectAppForDebaord(E2CO_MyApplicationPage.java:644)
	at stepdefinitions.E2COTestSteps.selectApplicationForDeboarding(E2COTestSteps.java:1180)
	at ?.clicks on application which is to deboard the applicationMyApplication, 0(file:///C:/Users/APathrut/eclipse-workspace/e2colitmus/E2CO%2520Automation/src/test/resources/Features/WebUITests/E2COTests_MyApplication.feature:112)
</pre></div></td>
<td>23</td>
<td>runner.TestRunner@4b5a5ed1</td></tr>
<tr>
<td title='runner.TestRunner.runScenario()'><b>runScenario</b><br>Test class: runner.TestRunner<br>Test method: Runs Cucumber Scenarios<br>Parameters: "user able to deprovision the application", "Optional[My Application Feature]"<br/>
<a href="#Output-2139332293" onClick='toggleBox("Output-2139332293", this, "Show output", "Hide output");'>Show output</a>

<a href="#Output-2139332293" onClick="toggleAllBoxes();">Show all outputs</a>
<div class='log' id="Output-2139332293">
| Received parameter 'TestEnvironment' = QA| <br/>
| Initializing self healing driver| <br/>
| New driver instantiated.| <br/>
| Received parameter 'TestEnvironment' = QA| <br/>
| Scenario Name: user able to deprovision the application| <br/>
| Received parameter 'TestEnvironment' = QA| <br/>
| Entered username| <br/>
| Entered password| <br/>
| Entered domain| <br/>
| Clicked on my application menu| <br/>
| Execution status is: FAILED| <br/>
</div>
</td>
<td><div><pre>org.openqa.selenium.NoSuchElementException: no such element: Unable to locate element: {&quot;method&quot;:&quot;xpath&quot;,&quot;selector&quot;:&quot;//td[contains(text(),&apos;appdemo213&apos;)]&quot;}
  (Session info: chrome=110.0.5481.180)
For documentation on this error, please visit: https://selenium.dev/exceptions/#no_such_element
Build info: version: &apos;4.1.1&apos;, revision: &apos;e8fcc2cecf&apos;
System info: host: &apos;LIN24010693&apos;, ip: &apos;192.168.1.3&apos;, os.name: &apos;Windows 10&apos;, os.arch: &apos;amd64&apos;, os.version: &apos;10.0&apos;, java.version: &apos;16&apos;
Driver info: org.openqa.selenium.chrome.ChromeDriver
Command: [e89171888622c3b26c100bdf3f54b339, findElement {using=xpath, value=//td[contains(text(),&apos;appdemo213&apos;)]}]
Capabilities {acceptInsecureCerts: false, browserName: chrome, browserVersion: 110.0.5481.180, chrome: {chromedriverVersion: 110.0.5481.77 (65ed616c6e8e..., userDataDir: C:\Program Files (x86)\scop...}, goog:chromeOptions: {debuggerAddress: localhost:60859}, javascriptEnabled: true, networkConnectionEnabled: false, pageLoadStrategy: eager, platform: WINDOWS, platformName: WINDOWS, proxy: Proxy(), se:cdp: ws://localhost:60859/devtoo..., se:cdpVersion: 110.0.5481.180, setWindowRect: true, strictFileInteractability: false, timeouts: {implicit: 0, pageLoad: 300000, script: 30000}, unhandledPromptBehavior: dismiss and notify, webauthn:extension:credBlob: true, webauthn:extension:largeBlob: true, webauthn:virtualAuthenticators: true}
Session ID: e89171888622c3b26c100bdf3f54b339
	at org.openqa.selenium.remote.codec.w3c.W3CHttpResponseCodec.createException(W3CHttpResponseCodec.java:200)
	at org.openqa.selenium.remote.codec.w3c.W3CHttpResponseCodec.decode(W3CHttpResponseCodec.java:133)
	at org.openqa.selenium.remote.codec.w3c.W3CHttpResponseCodec.decode(W3CHttpResponseCodec.java:53)
	at org.openqa.selenium.remote.HttpCommandExecutor.execute(HttpCommandExecutor.java:184)
	at org.openqa.selenium.remote.service.DriverCommandExecutor.invokeExecute(DriverCommandExecutor.java:167)
	at org.openqa.selenium.remote.service.DriverCommandExecutor.execute(DriverCommandExecutor.java:142)
	at org.openqa.selenium.remote.RemoteWebDriver.execute(RemoteWebDriver.java:543)
	at org.openqa.selenium.remote.ElementLocation$ElementFinder$2.findElement(ElementLocation.java:162)
	at org.openqa.selenium.remote.ElementLocation.findElement(ElementLocation.java:60)
	at org.openqa.selenium.remote.RemoteWebDriver.findElement(RemoteWebDriver.java:367)
	at org.openqa.selenium.remote.RemoteWebDriver.findElement(RemoteWebDriver.java:359)
	at com.epam.healenium.handlers.proxy.BaseHandler.findElement(BaseHandler.java:62)
	at com.epam.healenium.handlers.proxy.SelfHealingProxyInvocationHandler.invoke(SelfHealingProxyInvocationHandler.java:39)
	at jdk.proxy2/jdk.proxy2.$Proxy41.findElement(Unknown Source)
	at com.sogeti.automation.test.pageFactory.E2CO_MyApplicationPage.selectAppForDeprovision(E2CO_MyApplicationPage.java:612)
	at stepdefinitions.E2COTestSteps.selectRunningAppForDeprovision(E2COTestSteps.java:1089)
	at ?.clicks on application which is to deprovisionMyApplication, 1(file:///C:/Users/APathrut/eclipse-workspace/e2colitmus/E2CO%2520Automation/src/test/resources/Features/WebUITests/E2COTests_MyApplication.feature:95)
... Removed 5 stack frames</pre></div><a href='#' onClick='toggleBox("stack-trace2139332293", this, "Click to show all stack frames", "Click to hide stack frames")'>Click to show all stack frames</a>
<div class='stack-trace' id='stack-trace2139332293'><pre>org.openqa.selenium.NoSuchElementException: no such element: Unable to locate element: {&quot;method&quot;:&quot;xpath&quot;,&quot;selector&quot;:&quot;//td[contains(text(),&apos;appdemo213&apos;)]&quot;}
  (Session info: chrome=110.0.5481.180)
For documentation on this error, please visit: https://selenium.dev/exceptions/#no_such_element
Build info: version: &apos;4.1.1&apos;, revision: &apos;e8fcc2cecf&apos;
System info: host: &apos;LIN24010693&apos;, ip: &apos;192.168.1.3&apos;, os.name: &apos;Windows 10&apos;, os.arch: &apos;amd64&apos;, os.version: &apos;10.0&apos;, java.version: &apos;16&apos;
Driver info: org.openqa.selenium.chrome.ChromeDriver
Command: [e89171888622c3b26c100bdf3f54b339, findElement {using=xpath, value=//td[contains(text(),&apos;appdemo213&apos;)]}]
Capabilities {acceptInsecureCerts: false, browserName: chrome, browserVersion: 110.0.5481.180, chrome: {chromedriverVersion: 110.0.5481.77 (65ed616c6e8e..., userDataDir: C:\Program Files (x86)\scop...}, goog:chromeOptions: {debuggerAddress: localhost:60859}, javascriptEnabled: true, networkConnectionEnabled: false, pageLoadStrategy: eager, platform: WINDOWS, platformName: WINDOWS, proxy: Proxy(), se:cdp: ws://localhost:60859/devtoo..., se:cdpVersion: 110.0.5481.180, setWindowRect: true, strictFileInteractability: false, timeouts: {implicit: 0, pageLoad: 300000, script: 30000}, unhandledPromptBehavior: dismiss and notify, webauthn:extension:credBlob: true, webauthn:extension:largeBlob: true, webauthn:virtualAuthenticators: true}
Session ID: e89171888622c3b26c100bdf3f54b339
	at java.base/jdk.internal.reflect.NativeConstructorAccessorImpl.newInstance0(Native Method)
	at java.base/jdk.internal.reflect.NativeConstructorAccessorImpl.newInstance(NativeConstructorAccessorImpl.java:78)
	at java.base/jdk.internal.reflect.DelegatingConstructorAccessorImpl.newInstance(DelegatingConstructorAccessorImpl.java:45)
	at java.base/java.lang.reflect.Constructor.newInstanceWithCaller(Constructor.java:499)
	at java.base/java.lang.reflect.Constructor.newInstance(Constructor.java:480)
	at org.openqa.selenium.remote.codec.w3c.W3CHttpResponseCodec.createException(W3CHttpResponseCodec.java:200)
	at org.openqa.selenium.remote.codec.w3c.W3CHttpResponseCodec.decode(W3CHttpResponseCodec.java:133)
	at org.openqa.selenium.remote.codec.w3c.W3CHttpResponseCodec.decode(W3CHttpResponseCodec.java:53)
	at org.openqa.selenium.remote.HttpCommandExecutor.execute(HttpCommandExecutor.java:184)
	at org.openqa.selenium.remote.service.DriverCommandExecutor.invokeExecute(DriverCommandExecutor.java:167)
	at org.openqa.selenium.remote.service.DriverCommandExecutor.execute(DriverCommandExecutor.java:142)
	at org.openqa.selenium.remote.RemoteWebDriver.execute(RemoteWebDriver.java:543)
	at org.openqa.selenium.remote.ElementLocation$ElementFinder$2.findElement(ElementLocation.java:162)
	at org.openqa.selenium.remote.ElementLocation.findElement(ElementLocation.java:60)
	at org.openqa.selenium.remote.RemoteWebDriver.findElement(RemoteWebDriver.java:367)
	at org.openqa.selenium.remote.RemoteWebDriver.findElement(RemoteWebDriver.java:359)
	at com.epam.healenium.handlers.proxy.BaseHandler.findElement(BaseHandler.java:62)
	at com.epam.healenium.handlers.proxy.SelfHealingProxyInvocationHandler.invoke(SelfHealingProxyInvocationHandler.java:39)
	at jdk.proxy2/jdk.proxy2.$Proxy41.findElement(Unknown Source)
	at com.sogeti.automation.test.pageFactory.E2CO_MyApplicationPage.selectAppForDeprovision(E2CO_MyApplicationPage.java:612)
	at stepdefinitions.E2COTestSteps.selectRunningAppForDeprovision(E2COTestSteps.java:1089)
	at ?.clicks on application which is to deprovisionMyApplication, 1(file:///C:/Users/APathrut/eclipse-workspace/e2colitmus/E2CO%2520Automation/src/test/resources/Features/WebUITests/E2COTests_MyApplication.feature:95)
</pre></div></td>
<td>19</td>
<td>runner.TestRunner@4b5a5ed1</td></tr>
<tr>
<td title='runner.TestRunner.runScenario()'><b>runScenario</b><br>Test class: runner.TestRunner<br>Test method: Runs Cucumber Scenarios<br>Parameters: "user able to deprovision the application", "Optional[My Application Feature]"<br/>
<a href="#Output-710041480" onClick='toggleBox("Output-710041480", this, "Show output", "Hide output");'>Show output</a>

<a href="#Output-710041480" onClick="toggleAllBoxes();">Show all outputs</a>
<div class='log' id="Output-710041480">
| Received parameter 'TestEnvironment' = QA| <br/>
| Initializing self healing driver| <br/>
| New driver instantiated.| <br/>
| Received parameter 'TestEnvironment' = QA| <br/>
| Scenario Name: user able to deprovision the application| <br/>
| Received parameter 'TestEnvironment' = QA| <br/>
| Entered username| <br/>
| Entered password| <br/>
| Entered domain| <br/>
| Clicked on my application menu| <br/>
| Execution status is: FAILED| <br/>
</div>
</td>
<td><div><pre>org.openqa.selenium.NoSuchElementException: no such element: Unable to locate element: {&quot;method&quot;:&quot;xpath&quot;,&quot;selector&quot;:&quot;//td[contains(text(),&apos;appdemo212&apos;)]&quot;}
  (Session info: chrome=110.0.5481.180)
For documentation on this error, please visit: https://selenium.dev/exceptions/#no_such_element
Build info: version: &apos;4.1.1&apos;, revision: &apos;e8fcc2cecf&apos;
System info: host: &apos;LIN24010693&apos;, ip: &apos;192.168.1.3&apos;, os.name: &apos;Windows 10&apos;, os.arch: &apos;amd64&apos;, os.version: &apos;10.0&apos;, java.version: &apos;16&apos;
Driver info: org.openqa.selenium.chrome.ChromeDriver
Command: [aed607148ec0cc1344a7242e5fb47d8f, findElement {using=xpath, value=//td[contains(text(),&apos;appdemo212&apos;)]}]
Capabilities {acceptInsecureCerts: false, browserName: chrome, browserVersion: 110.0.5481.180, chrome: {chromedriverVersion: 110.0.5481.77 (65ed616c6e8e..., userDataDir: C:\Program Files (x86)\scop...}, goog:chromeOptions: {debuggerAddress: localhost:60822}, javascriptEnabled: true, networkConnectionEnabled: false, pageLoadStrategy: eager, platform: WINDOWS, platformName: WINDOWS, proxy: Proxy(), se:cdp: ws://localhost:60822/devtoo..., se:cdpVersion: 110.0.5481.180, setWindowRect: true, strictFileInteractability: false, timeouts: {implicit: 0, pageLoad: 300000, script: 30000}, unhandledPromptBehavior: dismiss and notify, webauthn:extension:credBlob: true, webauthn:extension:largeBlob: true, webauthn:virtualAuthenticators: true}
Session ID: aed607148ec0cc1344a7242e5fb47d8f
	at org.openqa.selenium.remote.codec.w3c.W3CHttpResponseCodec.createException(W3CHttpResponseCodec.java:200)
	at org.openqa.selenium.remote.codec.w3c.W3CHttpResponseCodec.decode(W3CHttpResponseCodec.java:133)
	at org.openqa.selenium.remote.codec.w3c.W3CHttpResponseCodec.decode(W3CHttpResponseCodec.java:53)
	at org.openqa.selenium.remote.HttpCommandExecutor.execute(HttpCommandExecutor.java:184)
	at org.openqa.selenium.remote.service.DriverCommandExecutor.invokeExecute(DriverCommandExecutor.java:167)
	at org.openqa.selenium.remote.service.DriverCommandExecutor.execute(DriverCommandExecutor.java:142)
	at org.openqa.selenium.remote.RemoteWebDriver.execute(RemoteWebDriver.java:543)
	at org.openqa.selenium.remote.ElementLocation$ElementFinder$2.findElement(ElementLocation.java:162)
	at org.openqa.selenium.remote.ElementLocation.findElement(ElementLocation.java:60)
	at org.openqa.selenium.remote.RemoteWebDriver.findElement(RemoteWebDriver.java:367)
	at org.openqa.selenium.remote.RemoteWebDriver.findElement(RemoteWebDriver.java:359)
	at com.epam.healenium.handlers.proxy.BaseHandler.findElement(BaseHandler.java:62)
	at com.epam.healenium.handlers.proxy.SelfHealingProxyInvocationHandler.invoke(SelfHealingProxyInvocationHandler.java:39)
	at jdk.proxy2/jdk.proxy2.$Proxy41.findElement(Unknown Source)
	at com.sogeti.automation.test.pageFactory.E2CO_MyApplicationPage.selectAppForDeprovision(E2CO_MyApplicationPage.java:612)
	at stepdefinitions.E2COTestSteps.selectRunningAppForDeprovision(E2COTestSteps.java:1089)
	at ?.clicks on application which is to deprovisionMyApplication, 0(file:///C:/Users/APathrut/eclipse-workspace/e2colitmus/E2CO%2520Automation/src/test/resources/Features/WebUITests/E2COTests_MyApplication.feature:95)
... Removed 5 stack frames</pre></div><a href='#' onClick='toggleBox("stack-trace710041480", this, "Click to show all stack frames", "Click to hide stack frames")'>Click to show all stack frames</a>
<div class='stack-trace' id='stack-trace710041480'><pre>org.openqa.selenium.NoSuchElementException: no such element: Unable to locate element: {&quot;method&quot;:&quot;xpath&quot;,&quot;selector&quot;:&quot;//td[contains(text(),&apos;appdemo212&apos;)]&quot;}
  (Session info: chrome=110.0.5481.180)
For documentation on this error, please visit: https://selenium.dev/exceptions/#no_such_element
Build info: version: &apos;4.1.1&apos;, revision: &apos;e8fcc2cecf&apos;
System info: host: &apos;LIN24010693&apos;, ip: &apos;192.168.1.3&apos;, os.name: &apos;Windows 10&apos;, os.arch: &apos;amd64&apos;, os.version: &apos;10.0&apos;, java.version: &apos;16&apos;
Driver info: org.openqa.selenium.chrome.ChromeDriver
Command: [aed607148ec0cc1344a7242e5fb47d8f, findElement {using=xpath, value=//td[contains(text(),&apos;appdemo212&apos;)]}]
Capabilities {acceptInsecureCerts: false, browserName: chrome, browserVersion: 110.0.5481.180, chrome: {chromedriverVersion: 110.0.5481.77 (65ed616c6e8e..., userDataDir: C:\Program Files (x86)\scop...}, goog:chromeOptions: {debuggerAddress: localhost:60822}, javascriptEnabled: true, networkConnectionEnabled: false, pageLoadStrategy: eager, platform: WINDOWS, platformName: WINDOWS, proxy: Proxy(), se:cdp: ws://localhost:60822/devtoo..., se:cdpVersion: 110.0.5481.180, setWindowRect: true, strictFileInteractability: false, timeouts: {implicit: 0, pageLoad: 300000, script: 30000}, unhandledPromptBehavior: dismiss and notify, webauthn:extension:credBlob: true, webauthn:extension:largeBlob: true, webauthn:virtualAuthenticators: true}
Session ID: aed607148ec0cc1344a7242e5fb47d8f
	at java.base/jdk.internal.reflect.NativeConstructorAccessorImpl.newInstance0(Native Method)
	at java.base/jdk.internal.reflect.NativeConstructorAccessorImpl.newInstance(NativeConstructorAccessorImpl.java:78)
	at java.base/jdk.internal.reflect.DelegatingConstructorAccessorImpl.newInstance(DelegatingConstructorAccessorImpl.java:45)
	at java.base/java.lang.reflect.Constructor.newInstanceWithCaller(Constructor.java:499)
	at java.base/java.lang.reflect.Constructor.newInstance(Constructor.java:480)
	at org.openqa.selenium.remote.codec.w3c.W3CHttpResponseCodec.createException(W3CHttpResponseCodec.java:200)
	at org.openqa.selenium.remote.codec.w3c.W3CHttpResponseCodec.decode(W3CHttpResponseCodec.java:133)
	at org.openqa.selenium.remote.codec.w3c.W3CHttpResponseCodec.decode(W3CHttpResponseCodec.java:53)
	at org.openqa.selenium.remote.HttpCommandExecutor.execute(HttpCommandExecutor.java:184)
	at org.openqa.selenium.remote.service.DriverCommandExecutor.invokeExecute(DriverCommandExecutor.java:167)
	at org.openqa.selenium.remote.service.DriverCommandExecutor.execute(DriverCommandExecutor.java:142)
	at org.openqa.selenium.remote.RemoteWebDriver.execute(RemoteWebDriver.java:543)
	at org.openqa.selenium.remote.ElementLocation$ElementFinder$2.findElement(ElementLocation.java:162)
	at org.openqa.selenium.remote.ElementLocation.findElement(ElementLocation.java:60)
	at org.openqa.selenium.remote.RemoteWebDriver.findElement(RemoteWebDriver.java:367)
	at org.openqa.selenium.remote.RemoteWebDriver.findElement(RemoteWebDriver.java:359)
	at com.epam.healenium.handlers.proxy.BaseHandler.findElement(BaseHandler.java:62)
	at com.epam.healenium.handlers.proxy.SelfHealingProxyInvocationHandler.invoke(SelfHealingProxyInvocationHandler.java:39)
	at jdk.proxy2/jdk.proxy2.$Proxy41.findElement(Unknown Source)
	at com.sogeti.automation.test.pageFactory.E2CO_MyApplicationPage.selectAppForDeprovision(E2CO_MyApplicationPage.java:612)
	at stepdefinitions.E2COTestSteps.selectRunningAppForDeprovision(E2COTestSteps.java:1089)
	at ?.clicks on application which is to deprovisionMyApplication, 0(file:///C:/Users/APathrut/eclipse-workspace/e2colitmus/E2CO%2520Automation/src/test/resources/Features/WebUITests/E2COTests_MyApplication.feature:95)
</pre></div></td>
<td>20</td>
<td>runner.TestRunner@4b5a5ed1</td></tr>
<tr>
<td title='runner.TestRunner.runScenario()'><b>runScenario</b><br>Test class: runner.TestRunner<br>Test method: Runs Cucumber Scenarios<br>Parameters: "user able to deboard the application", "Optional[My Application Feature]"<br/>
<a href="#Output-1082705382" onClick='toggleBox("Output-1082705382", this, "Show output", "Hide output");'>Show output</a>

<a href="#Output-1082705382" onClick="toggleAllBoxes();">Show all outputs</a>
<div class='log' id="Output-1082705382">
| Received parameter 'TestEnvironment' = QA| <br/>
| Initializing self healing driver| <br/>
| New driver instantiated.| <br/>
| Received parameter 'TestEnvironment' = QA| <br/>
| Scenario Name: user able to deboard the application| <br/>
| Received parameter 'TestEnvironment' = QA| <br/>
| Entered username| <br/>
| Entered password| <br/>
| Entered domain| <br/>
| Clicked on my application menu| <br/>
| Execution status is: FAILED| <br/>
</div>
</td>
<td><div><pre>org.openqa.selenium.NoSuchElementException: no such element: Unable to locate element: {&quot;method&quot;:&quot;xpath&quot;,&quot;selector&quot;:&quot;//td[contains(text(),&apos;appdemo213&apos;)]&quot;}
  (Session info: chrome=110.0.5481.180)
For documentation on this error, please visit: https://selenium.dev/exceptions/#no_such_element
Build info: version: &apos;4.1.1&apos;, revision: &apos;e8fcc2cecf&apos;
System info: host: &apos;LIN24010693&apos;, ip: &apos;192.168.1.3&apos;, os.name: &apos;Windows 10&apos;, os.arch: &apos;amd64&apos;, os.version: &apos;10.0&apos;, java.version: &apos;16&apos;
Driver info: org.openqa.selenium.chrome.ChromeDriver
Command: [797a13f28213693bef5cd07dcfae650b, findElement {using=xpath, value=//td[contains(text(),&apos;appdemo213&apos;)]}]
Capabilities {acceptInsecureCerts: false, browserName: chrome, browserVersion: 110.0.5481.180, chrome: {chromedriverVersion: 110.0.5481.77 (65ed616c6e8e..., userDataDir: C:\Program Files (x86)\scop...}, goog:chromeOptions: {debuggerAddress: localhost:60935}, javascriptEnabled: true, networkConnectionEnabled: false, pageLoadStrategy: eager, platform: WINDOWS, platformName: WINDOWS, proxy: Proxy(), se:cdp: ws://localhost:60935/devtoo..., se:cdpVersion: 110.0.5481.180, setWindowRect: true, strictFileInteractability: false, timeouts: {implicit: 0, pageLoad: 300000, script: 30000}, unhandledPromptBehavior: dismiss and notify, webauthn:extension:credBlob: true, webauthn:extension:largeBlob: true, webauthn:virtualAuthenticators: true}
Session ID: 797a13f28213693bef5cd07dcfae650b
	at org.openqa.selenium.remote.codec.w3c.W3CHttpResponseCodec.createException(W3CHttpResponseCodec.java:200)
	at org.openqa.selenium.remote.codec.w3c.W3CHttpResponseCodec.decode(W3CHttpResponseCodec.java:133)
	at org.openqa.selenium.remote.codec.w3c.W3CHttpResponseCodec.decode(W3CHttpResponseCodec.java:53)
	at org.openqa.selenium.remote.HttpCommandExecutor.execute(HttpCommandExecutor.java:184)
	at org.openqa.selenium.remote.service.DriverCommandExecutor.invokeExecute(DriverCommandExecutor.java:167)
	at org.openqa.selenium.remote.service.DriverCommandExecutor.execute(DriverCommandExecutor.java:142)
	at org.openqa.selenium.remote.RemoteWebDriver.execute(RemoteWebDriver.java:543)
	at org.openqa.selenium.remote.ElementLocation$ElementFinder$2.findElement(ElementLocation.java:162)
	at org.openqa.selenium.remote.ElementLocation.findElement(ElementLocation.java:60)
	at org.openqa.selenium.remote.RemoteWebDriver.findElement(RemoteWebDriver.java:367)
	at org.openqa.selenium.remote.RemoteWebDriver.findElement(RemoteWebDriver.java:359)
	at com.epam.healenium.handlers.proxy.BaseHandler.findElement(BaseHandler.java:62)
	at com.epam.healenium.handlers.proxy.SelfHealingProxyInvocationHandler.invoke(SelfHealingProxyInvocationHandler.java:39)
	at jdk.proxy2/jdk.proxy2.$Proxy41.findElement(Unknown Source)
	at com.sogeti.automation.test.pageFactory.E2CO_MyApplicationPage.selectAppForDebaord(E2CO_MyApplicationPage.java:644)
	at stepdefinitions.E2COTestSteps.selectApplicationForDeboarding(E2COTestSteps.java:1180)
	at ?.clicks on application which is to deboard the applicationMyApplication, 1(file:///C:/Users/APathrut/eclipse-workspace/e2colitmus/E2CO%2520Automation/src/test/resources/Features/WebUITests/E2COTests_MyApplication.feature:112)
... Removed 5 stack frames</pre></div><a href='#' onClick='toggleBox("stack-trace1082705382", this, "Click to show all stack frames", "Click to hide stack frames")'>Click to show all stack frames</a>
<div class='stack-trace' id='stack-trace1082705382'><pre>org.openqa.selenium.NoSuchElementException: no such element: Unable to locate element: {&quot;method&quot;:&quot;xpath&quot;,&quot;selector&quot;:&quot;//td[contains(text(),&apos;appdemo213&apos;)]&quot;}
  (Session info: chrome=110.0.5481.180)
For documentation on this error, please visit: https://selenium.dev/exceptions/#no_such_element
Build info: version: &apos;4.1.1&apos;, revision: &apos;e8fcc2cecf&apos;
System info: host: &apos;LIN24010693&apos;, ip: &apos;192.168.1.3&apos;, os.name: &apos;Windows 10&apos;, os.arch: &apos;amd64&apos;, os.version: &apos;10.0&apos;, java.version: &apos;16&apos;
Driver info: org.openqa.selenium.chrome.ChromeDriver
Command: [797a13f28213693bef5cd07dcfae650b, findElement {using=xpath, value=//td[contains(text(),&apos;appdemo213&apos;)]}]
Capabilities {acceptInsecureCerts: false, browserName: chrome, browserVersion: 110.0.5481.180, chrome: {chromedriverVersion: 110.0.5481.77 (65ed616c6e8e..., userDataDir: C:\Program Files (x86)\scop...}, goog:chromeOptions: {debuggerAddress: localhost:60935}, javascriptEnabled: true, networkConnectionEnabled: false, pageLoadStrategy: eager, platform: WINDOWS, platformName: WINDOWS, proxy: Proxy(), se:cdp: ws://localhost:60935/devtoo..., se:cdpVersion: 110.0.5481.180, setWindowRect: true, strictFileInteractability: false, timeouts: {implicit: 0, pageLoad: 300000, script: 30000}, unhandledPromptBehavior: dismiss and notify, webauthn:extension:credBlob: true, webauthn:extension:largeBlob: true, webauthn:virtualAuthenticators: true}
Session ID: 797a13f28213693bef5cd07dcfae650b
	at java.base/jdk.internal.reflect.NativeConstructorAccessorImpl.newInstance0(Native Method)
	at java.base/jdk.internal.reflect.NativeConstructorAccessorImpl.newInstance(NativeConstructorAccessorImpl.java:78)
	at java.base/jdk.internal.reflect.DelegatingConstructorAccessorImpl.newInstance(DelegatingConstructorAccessorImpl.java:45)
	at java.base/java.lang.reflect.Constructor.newInstanceWithCaller(Constructor.java:499)
	at java.base/java.lang.reflect.Constructor.newInstance(Constructor.java:480)
	at org.openqa.selenium.remote.codec.w3c.W3CHttpResponseCodec.createException(W3CHttpResponseCodec.java:200)
	at org.openqa.selenium.remote.codec.w3c.W3CHttpResponseCodec.decode(W3CHttpResponseCodec.java:133)
	at org.openqa.selenium.remote.codec.w3c.W3CHttpResponseCodec.decode(W3CHttpResponseCodec.java:53)
	at org.openqa.selenium.remote.HttpCommandExecutor.execute(HttpCommandExecutor.java:184)
	at org.openqa.selenium.remote.service.DriverCommandExecutor.invokeExecute(DriverCommandExecutor.java:167)
	at org.openqa.selenium.remote.service.DriverCommandExecutor.execute(DriverCommandExecutor.java:142)
	at org.openqa.selenium.remote.RemoteWebDriver.execute(RemoteWebDriver.java:543)
	at org.openqa.selenium.remote.ElementLocation$ElementFinder$2.findElement(ElementLocation.java:162)
	at org.openqa.selenium.remote.ElementLocation.findElement(ElementLocation.java:60)
	at org.openqa.selenium.remote.RemoteWebDriver.findElement(RemoteWebDriver.java:367)
	at org.openqa.selenium.remote.RemoteWebDriver.findElement(RemoteWebDriver.java:359)
	at com.epam.healenium.handlers.proxy.BaseHandler.findElement(BaseHandler.java:62)
	at com.epam.healenium.handlers.proxy.SelfHealingProxyInvocationHandler.invoke(SelfHealingProxyInvocationHandler.java:39)
	at jdk.proxy2/jdk.proxy2.$Proxy41.findElement(Unknown Source)
	at com.sogeti.automation.test.pageFactory.E2CO_MyApplicationPage.selectAppForDebaord(E2CO_MyApplicationPage.java:644)
	at stepdefinitions.E2COTestSteps.selectApplicationForDeboarding(E2COTestSteps.java:1180)
	at ?.clicks on application which is to deboard the applicationMyApplication, 1(file:///C:/Users/APathrut/eclipse-workspace/e2colitmus/E2CO%2520Automation/src/test/resources/Features/WebUITests/E2COTests_MyApplication.feature:112)
</pre></div></td>
<td>20</td>
<td>runner.TestRunner@4b5a5ed1</td></tr>
</table><p>
<table width='100%' border='1' class='invocation-passed'>
<tr><td colspan='4' align='center'><b>PASSED TESTS</b></td></tr>
<tr><td><b>Test method</b></td>
<td width="30%"><b>Exception</b></td>
<td width="10%"><b>Time (seconds)</b></td>
<td><b>Instance</b></td>
</tr>
<tr>
<td title='runner.TestRunner.runScenario()'><b>runScenario</b><br>Test class: runner.TestRunner<br>Test method: Runs Cucumber Scenarios<br>Parameters: "user able to provision the application", "Optional[My Application Feature]"<br/>
<a href="#Output-1249789597" onClick='toggleBox("Output-1249789597", this, "Show output", "Hide output");'>Show output</a>

<a href="#Output-1249789597" onClick="toggleAllBoxes();">Show all outputs</a>
<div class='log' id="Output-1249789597">
| Received parameter 'TestEnvironment' = QA| <br/>
| Initializing self healing driver| <br/>
| New driver instantiated.| <br/>
| Received parameter 'TestEnvironment' = QA| <br/>
| Scenario Name: user able to provision the application| <br/>
| Received parameter 'TestEnvironment' = QA| <br/>
| Entered username| <br/>
| Entered password| <br/>
| Entered domain| <br/>
| Clicked on my application menu| <br/>
| Clicked on application for provision| <br/>
| User is on application provision page| <br/>
| Zone selected| <br/>
| Clicked on provision button| <br/>
| Request accepted message is displayed| <br/>
| Page is refreshed| <br/>
| Execution status is: PASSED| <br/>
</div>
</td>
<td></td>
<td>46</td>
<td>runner.TestRunner@4b5a5ed1</td></tr>
<tr>
<td title='runner.TestRunner.runScenario()'><b>runScenario</b><br>Test class: runner.TestRunner<br>Test method: Runs Cucumber Scenarios<br>Parameters: "user able to onboard application", "Optional[My Application Feature]"<br/>
<a href="#Output-1004866348" onClick='toggleBox("Output-1004866348", this, "Show output", "Hide output");'>Show output</a>

<a href="#Output-1004866348" onClick="toggleAllBoxes();">Show all outputs</a>
<div class='log' id="Output-1004866348">
| Received parameter 'TestEnvironment' = QA| <br/>
| Initializing self healing driver| <br/>
| New driver instantiated.| <br/>
| Received parameter 'TestEnvironment' = QA| <br/>
| Scenario Name: user able to onboard application| <br/>
| Received parameter 'TestEnvironment' = QA| <br/>
| Entered username| <br/>
| Entered password| <br/>
| Entered domain| <br/>
| Clicked on my application menu| <br/>
| Selected container| <br/>
| Container as service selected| <br/>
| Clicked on import button| <br/>
| Upload Your File ! is displayed| <br/>
| YAML file is imported| <br/>
| Clicked on submit button| <br/>
| Imported data is displaying on the page| <br/>
| Clicked on select artifact| <br/>
| Artifact List is displayed| <br/>
| Clicked on done button| <br/>
| Updated app name| <br/>
| Latency selected| <br/>
| Zone selected| <br/>
| Updated componenet ID| <br/>
| Updated network| <br/>
| Clicked on submit button| <br/>
| Onboarding request accepted is message displayed| <br/>
| Clicked on close| <br/>
| Page is refreshed| <br/>
| Execution status is: PASSED| <br/>
</div>
</td>
<td></td>
<td>98</td>
<td>runner.TestRunner@4b5a5ed1</td></tr>
<tr>
<td title='runner.TestRunner.runScenario()'><b>runScenario</b><br>Test class: runner.TestRunner<br>Test method: Runs Cucumber Scenarios<br>Parameters: "user able to onboard application", "Optional[My Application Feature]"<br/>
<a href="#Output-846570623" onClick='toggleBox("Output-846570623", this, "Show output", "Hide output");'>Show output</a>

<a href="#Output-846570623" onClick="toggleAllBoxes();">Show all outputs</a>
<div class='log' id="Output-846570623">
| Received parameter 'TestEnvironment' = QA| <br/>
| Received parameter 'ExecutionServer' = Local| <br/>
| Received parameter 'InterfaceType' = Web| <br/>
| Received parameter 'DefaultDownloadPath' = ./src/test/resources/Downloads| <br/>
| Received parameter 'AZURE_KEYVAULT_URL' = | <br/>
| Received parameter 'TestBrowser' = chrome| <br/>
| Received parameter 'UI_BASE_URL' = https://10.139.9.3:31012/MEC/login| <br/>
| Received parameter 'GRID_HUB_PORT' = 4444| <br/>
| Received parameter 'GRID_HUB_IP' = localhost| <br/>
| Received parameter 'UI_USERNAME' = admin| <br/>
| Received parameter 'UI_PASSWORD' = Admin@1234| <br/>
| Received parameter 'UI_DOMAINNAME' = default| <br/>
| Received parameter 'UI_DEVUSERNAME' = dev01| <br/>
| Received parameter 'UI_DEVPASSWORD' = Admin@1234| <br/>
| Received parameter 'UI_DEVDOMAINNAME' = default| <br/>
| Received parameter 'ScreenshotEnable' = true| <br/>
| Initializing self healing driver| <br/>
| New driver instantiated.| <br/>
| Received parameter 'TestEnvironment' = QA| <br/>
| Scenario Name: user able to onboard application| <br/>
| Received parameter 'TestEnvironment' = QA| <br/>
| Entered username| <br/>
| Entered password| <br/>
| Entered domain| <br/>
| Clicked on my application menu| <br/>
| Selected container| <br/>
| Container as service selected| <br/>
| Clicked on import button| <br/>
| Upload Your File ! is displayed| <br/>
| YAML file is imported| <br/>
| Clicked on submit button| <br/>
| Imported data is displaying on the page| <br/>
| Clicked on select artifact| <br/>
| Artifact List is displayed| <br/>
| Clicked on done button| <br/>
| Updated app name| <br/>
| Latency selected| <br/>
| Zone selected| <br/>
| Updated componenet ID| <br/>
| Updated network| <br/>
| Clicked on submit button| <br/>
| Onboarding request accepted is message displayed| <br/>
| Clicked on close| <br/>
| Page is refreshed| <br/>
| Execution status is: PASSED| <br/>
</div>
</td>
<td></td>
<td>102</td>
<td>runner.TestRunner@4b5a5ed1</td></tr>
<tr>
<td title='runner.TestRunner.runScenario()'><b>runScenario</b><br>Test class: runner.TestRunner<br>Test method: Runs Cucumber Scenarios<br>Parameters: "user able to provision the application", "Optional[My Application Feature]"<br/>
<a href="#Output-1221878991" onClick='toggleBox("Output-1221878991", this, "Show output", "Hide output");'>Show output</a>

<a href="#Output-1221878991" onClick="toggleAllBoxes();">Show all outputs</a>
<div class='log' id="Output-1221878991">
| Received parameter 'TestEnvironment' = QA| <br/>
| Initializing self healing driver| <br/>
| New driver instantiated.| <br/>
| Received parameter 'TestEnvironment' = QA| <br/>
| Scenario Name: user able to provision the application| <br/>
| Received parameter 'TestEnvironment' = QA| <br/>
| Entered username| <br/>
| Entered password| <br/>
| Entered domain| <br/>
| Clicked on my application menu| <br/>
| Clicked on application for provision| <br/>
| User is on application provision page| <br/>
| Zone selected| <br/>
| Clicked on provision button| <br/>
| Request accepted message is displayed| <br/>
| Page is refreshed| <br/>
| Execution status is: PASSED| <br/>
</div>
</td>
<td></td>
<td>40</td>
<td>runner.TestRunner@4b5a5ed1</td></tr>
</table><p>
</body>
</html>