<!DOCTYPE html PUBLIC "-//W3C//DTD XHTML 1.1//EN" "https://www.w3.org/TR/xhtml11/DTD/xhtml11.dtd">
<html xmlns="https://www.w3.org/1999/xhtml">
<head>
<meta http-equiv="content-type" content="text/html; charset=UTF-8"/>
<title>TestNG Report</title>
<style type="text/css">table {margin-bottom:10px;border-collapse:collapse;empty-cells:show}th,td {border:1px solid #009;padding:.25em .5em}th {vertical-align:bottom}td {vertical-align:top}table a {font-weight:bold}.stripe td {background-color: #E6EBF9}.num {text-align:right}.passedodd td {background-color: #3F3}.passedeven td {background-color: #0A0}.skippedodd td {background-color: #DDD}.skippedeven td {background-color: #CCC}.failedodd td,.attn {background-color: #F33}.failedeven td,.stripe .attn {background-color: #D00}.stacktrace {white-space:pre;font-family:monospace}.totop {font-size:85%;text-align:center;border-bottom:2px solid #000}.invisible {display:none}</style>
</head>
<body>
<table>
<tr><th>Test</th><th># Passed</th><th># Skipped</th><th># Retried</th><th># Failed</th><th>Time (ms)</th><th>Included Groups</th><th>Excluded Groups</th></tr>
<tr><th colspan="8">Surefire suite</th></tr>
<tr><td><a href="#t0">Surefire test</a></td><td class="num">2</td><td class="num">0</td><td class="num">0</td><td class="num attn">1</td><td class="num">144,496</td><td></td><td></td></tr>
</table>
<table id='summary'><thead><tr><th>Class</th><th>Method</th><th>Start</th><th>Time (ms)</th></tr></thead><tbody><tr><th colspan="4">Surefire suite</th></tr></tbody><tbody id="t0"><tr><th colspan="4">Surefire test &#8212; failed</th></tr><tr class="failedeven"><td rowspan="1">runner.TestRunner</td><td><a href="#m0">runScenario</a></td><td rowspan="1">1679920515379</td><td rowspan="1">40429</td></tr><tr><th colspan="4">Surefire test &#8212; passed</th></tr><tr class="passedeven"><td rowspan="2">runner.TestRunner</td><td><a href="#m1">runScenario</a></td><td rowspan="2">1679920445224</td><td rowspan="2">70152</td></tr><tr class="passedeven"><td><a href="#m2">runScenario</a></td></tr></tbody>
</table>
<h2>Surefire test</h2><h3 id="m0">runner.TestRunner#runScenario</h3><table class="result"><tr class="param"><th>Parameter #1</th><th>Parameter #2</th></tr><tr class="param stripe"><td>&quot;User able to set Application policy with edge selection&quot;</td><td>&quot;Optional[Policies]&quot;</td></tr><tr><th colspan="2">Messages</th></tr><tr><td colspan="2"><div class="messages">| Received parameter 'TestEnvironment' = QA| <br/>| Initializing self healing driver| <br/>| New driver instantiated.| <br/>| Received parameter 'TestEnvironment' = QA| <br/>| Scenario Name: User able to set Application policy with edge selection| <br/>| Received parameter 'TestEnvironment' = QA| <br/>| Entered username| <br/>| Entered password| <br/>| Entered domain| <br/>| User is click on policy menu| <br/>| Application menu is selected| <br/>| Application is selected| <br/>| Application policy is selected| <br/>| Execution status is: FAILED| </div></td></tr><tr><th colspan="2">Exception</th></tr><tr><td colspan="2"><div class="stacktrace">org.openqa.selenium.NoSuchElementException: no such element: Unable to locate element: {&quot;method&quot;:&quot;xpath&quot;,&quot;selector&quot;:&quot;//select[@class=&apos;form-select border-radius-5 config-input-border ft-14 ng-untouched ng-pristine ng-valid&apos;]&quot;}
  (Session info: chrome=111.0.5563.111)
For documentation on this error, please visit: https://selenium.dev/exceptions/#no_such_element
Build info: version: &apos;4.1.1&apos;, revision: &apos;e8fcc2cecf&apos;
System info: host: &apos;LIN20001532&apos;, ip: &apos;10.112.148.104&apos;, os.name: &apos;Windows 10&apos;, os.arch: &apos;amd64&apos;, os.version: &apos;10.0&apos;, java.version: &apos;17.0.6&apos;
Driver info: org.openqa.selenium.chrome.ChromeDriver
Command: [f939da4502f0b84818ca243e21dcbec5, findElement {using=xpath, value=//select[@class=&apos;form-select border-radius-5 config-input-border ft-14 ng-untouched ng-pristine ng-valid&apos;]}]
Capabilities {acceptInsecureCerts: false, browserName: chrome, browserVersion: 111.0.5563.111, chrome: {chromedriverVersion: 111.0.5563.64 (c710e93d5b63..., userDataDir: C:\Program Files (x86)\scop...}, goog:chromeOptions: {debuggerAddress: localhost:60770}, javascriptEnabled: true, networkConnectionEnabled: false, pageLoadStrategy: eager, platform: WINDOWS, platformName: WINDOWS, proxy: Proxy(), se:cdp: ws://localhost:60770/devtoo..., se:cdpVersion: 111.0.5563.111, setWindowRect: true, strictFileInteractability: false, timeouts: {implicit: 0, pageLoad: 300000, script: 30000}, unhandledPromptBehavior: dismiss and notify, webauthn:extension:credBlob: true, webauthn:extension:largeBlob: true, webauthn:extension:minPinLength: true, webauthn:extension:prf: true, webauthn:virtualAuthenticators: true}
Session ID: f939da4502f0b84818ca243e21dcbec5
	at org.openqa.selenium.remote.codec.w3c.W3CHttpResponseCodec.createException(W3CHttpResponseCodec.java:200)
	at org.openqa.selenium.remote.codec.w3c.W3CHttpResponseCodec.decode(W3CHttpResponseCodec.java:133)
	at org.openqa.selenium.remote.codec.w3c.W3CHttpResponseCodec.decode(W3CHttpResponseCodec.java:53)
	at org.openqa.selenium.remote.HttpCommandExecutor.execute(HttpCommandExecutor.java:184)
	at org.openqa.selenium.remote.service.DriverCommandExecutor.invokeExecute(DriverCommandExecutor.java:167)
	at org.openqa.selenium.remote.service.DriverCommandExecutor.execute(DriverCommandExecutor.java:142)
	at org.openqa.selenium.remote.RemoteWebDriver.execute(RemoteWebDriver.java:543)
	at org.openqa.selenium.remote.ElementLocation$ElementFinder$2.findElement(ElementLocation.java:162)
	at org.openqa.selenium.remote.ElementLocation.findElement(ElementLocation.java:60)
	at org.openqa.selenium.remote.RemoteWebDriver.findElement(RemoteWebDriver.java:367)
	at org.openqa.selenium.remote.RemoteWebDriver.findElement(RemoteWebDriver.java:359)
	at com.epam.healenium.handlers.proxy.BaseHandler.findElement(BaseHandler.java:62)
	at com.epam.healenium.handlers.proxy.SelfHealingProxyInvocationHandler.invoke(SelfHealingProxyInvocationHandler.java:39)
	at jdk.proxy2/jdk.proxy2.$Proxy41.findElement(Unknown Source)
	at org.openqa.selenium.support.pagefactory.DefaultElementLocator.findElement(DefaultElementLocator.java:70)
	at org.openqa.selenium.support.pagefactory.internal.LocatingElementHandler.invoke(LocatingElementHandler.java:39)
	at jdk.proxy2/jdk.proxy2.$Proxy45.getTagName(Unknown Source)
	at org.openqa.selenium.support.ui.Select.&lt;init&gt;(Select.java:46)
	at com.sogeti.automation.test.pageFactory.E2CO_PoliciesPage.SelectAppRule(E2CO_PoliciesPage.java:202)
	at stepdefinitions.E2COTestSteps.EnterAllAppDetails(E2COTestSteps.java:1763)
	at âœ½.user select Application all application related termAppPolicy,0(file:///C:/Users/APATHRUT/OneDrive%20-%20Capgemini/Desktop/E2CO%20PROJECT/Automation/E2COAutomation/E2CO%2520Automation/src/test/resources/Features/WebUITests/E2COTests_Policies.feature:23)
... Removed 5 stack frames</div></td></tr></table><p class="totop"><a href="#summary">back to summary</a></p>
<h3 id="m1">runner.TestRunner#runScenario</h3><table class="result"><tr class="param"><th>Parameter #1</th><th>Parameter #2</th></tr><tr class="param stripe"><td>&quot;User able to set Edge policy&quot;</td><td>&quot;Optional[Policies]&quot;</td></tr><tr><th colspan="2">Messages</th></tr><tr><td colspan="2"><div class="messages">| Received parameter 'TestEnvironment' = QA| <br/>| Received parameter 'ExecutionServer' = Local| <br/>| Received parameter 'InterfaceType' = Web| <br/>| Received parameter 'DefaultDownloadPath' = ./src/test/resources/Downloads| <br/>| Received parameter 'AZURE_KEYVAULT_URL' = | <br/>| Received parameter 'TestBrowser' = chrome| <br/>| Received parameter 'UI_BASE_URL' = https://10.139.9.3:31012/MEC/login| <br/>| Received parameter 'GRID_HUB_PORT' = 4444| <br/>| Received parameter 'GRID_HUB_IP' = localhost| <br/>| Received parameter 'UI_USERNAME' = admin| <br/>| Received parameter 'UI_PASSWORD' = Admin@1234| <br/>| Received parameter 'UI_DOMAINNAME' = default| <br/>| Received parameter 'UI_DEVUSERNAME' = dev01| <br/>| Received parameter 'UI_DEVPASSWORD' = Admin@1234| <br/>| Received parameter 'UI_DEVDOMAINNAME' = default| <br/>| Received parameter 'ScreenshotEnable' = true| <br/>| Initializing self healing driver| <br/>| New driver instantiated.| <br/>| Received parameter 'TestEnvironment' = QA| <br/>| Scenario Name: User able to set Edge policy| <br/>| Received parameter 'TestEnvironment' = QA| <br/>| Entered username| <br/>| Entered password| <br/>| Entered domain| <br/>| User is click on policy menu| <br/>| User Click on edge policy| <br/>| Policy page is displayed| <br/>| Edge is selected| <br/>| Edge Policy is selected| <br/>| Rule is selected| <br/>| OverCoomit is selected| <br/>| User clicks on submit button| <br/>| Successfully updated message is display| <br/>| Execution status is: PASSED| </div></td></tr></table><p class="totop"><a href="#summary">back to summary</a></p>
<h3 id="m2">runner.TestRunner#runScenario</h3><table class="result"><tr class="param"><th>Parameter #1</th><th>Parameter #2</th></tr><tr class="param stripe"><td>&quot;User able to set network policies&quot;</td><td>&quot;Optional[Policies]&quot;</td></tr><tr><th colspan="2">Messages</th></tr><tr><td colspan="2"><div class="messages">| Received parameter 'TestEnvironment' = QA| <br/>| Initializing self healing driver| <br/>| New driver instantiated.| <br/>| Received parameter 'TestEnvironment' = QA| <br/>| Scenario Name: User able to set network policies| <br/>| Received parameter 'TestEnvironment' = QA| <br/>| Entered username| <br/>| Entered password| <br/>| Entered domain| <br/>| User is click on policy menu| <br/>| user click on network policy| <br/>| Application for network policy is selected| <br/>| Execution status is: PASSED| </div></td></tr></table><p class="totop"><a href="#summary">back to summary</a></p>
</body>
</html>
