<?xml version="1.0" encoding="UTF-8"?>
<testsuite name="runner.TestRunner" time="371.684" tests="8" errors="0" skipped="0" failures="4">
  <properties>
    <property name="jansi.mode" value="strip"/>
    <property name="java.runtime.name" value="Java(TM) SE Runtime Environment"/>
    <property name="java.vm.version" value="16+36-2231"/>
    <property name="sun.boot.library.path" value="C:\Program Files\Java\jdk-16\bin"/>
    <property name="maven.multiModuleProjectDirectory" value="C:\Users\APathrut\eclipse-workspace\e2colitmus\E2CO%20Automation"/>
    <property name="java.vm.vendor" value="Oracle Corporation"/>
    <property name="java.vendor.url" value="https://java.oracle.com/"/>
    <property name="guice.disable.misplaced.annotation.check" value="true"/>
    <property name="path.separator" value=";"/>
    <property name="java.vm.name" value="Java HotSpot(TM) 64-Bit Server VM"/>
    <property name="sun.os.patch.level" value=""/>
    <property name="user.script" value=""/>
    <property name="user.country" value="IN"/>
    <property name="sun.java.launcher" value="SUN_STANDARD"/>
    <property name="java.vm.specification.name" value="Java Virtual Machine Specification"/>
    <property name="user.dir" value="C:\Users\APathrut\eclipse-workspace\e2colitmus\E2CO%20Automation"/>
    <property name="java.vm.compressedOopsMode" value="Zero based"/>
    <property name="java.runtime.version" value="16+36-2231"/>
    <property name="os.arch" value="amd64"/>
    <property name="java.io.tmpdir" value="C:\Users\APathrut\AppData\Local\Temp\"/>
    <property name="line.separator" value="&#10;"/>
    <property name="java.vm.specification.vendor" value="Oracle Corporation"/>
    <property name="user.variant" value=""/>
    <property name="os.name" value="Windows 10"/>
    <property name="classworlds.conf" value="C:\Users\APathrut\eclipse-workspace\.metadata\.plugins\org.eclipse.m2e.launching\launches\m2conf13169776885925030125.tmp"/>
    <property name="sun.jnu.encoding" value="Cp1252"/>
    <property name="java.library.path" value="C:\Program Files\Java\jdk-16\bin;C:\WINDOWS\Sun\Java\bin;C:\WINDOWS\system32;C:\WINDOWS;C:/Program Files/Eclipse Foundation/jdk-11.0.12.7-hotspot/bin/server;C:/Program Files/Eclipse Foundation/jdk-11.0.12.7-hotspot/bin;C:\Program Files (x86)\Python38-32\Scripts\;C:\Program Files (x86)\Python38-32\;C:\Program Files\Eclipse Foundation\jdk-11.0.12.7-hotspot\bin;C:\WINDOWS\system32;C:\WINDOWS;C:\WINDOWS\System32\Wbem;C:\WINDOWS\System32\WindowsPowerShell\v1.0\;C:\WINDOWS\System32\OpenSSH\;C:\Program Files\Eclipse Foundation\jdk-11.0.12.7-hotspot\bin;C:\Users\APathrut\OneDrive - Capgemini\Desktop\Maven\apache-maven-3.8.5\bin;C:\Program Files\nodejs\;C:\Users\APathrut\Downloads\commandlinetools-win-8512546_latest\cmdline-tools\bin;C:\Users\APathrut\AppData\Local\Android\Sdk\platform-tools;C:\Program Files\Git\cmd;C:\Program Files\PuTTY\;C:\Users\APathrut\AppData\Local\Microsoft\WindowsApps;;C:\Users\APathrut\OneDrive - Capgemini\Desktop;;."/>
    <property name="jdk.debug" value="release"/>
    <property name="java.class.version" value="60.0"/>
    <property name="java.specification.name" value="Java Platform API Specification"/>
    <property name="sun.management.compiler" value="HotSpot 64-Bit Tiered Compilers"/>
    <property name="os.version" value="10.0"/>
    <property name="user.home" value="C:\Users\APathrut"/>
    <property name="user.timezone" value="Asia/Calcutta"/>
    <property name="file.encoding" value="Cp1252"/>
    <property name="java.specification.version" value="16"/>
    <property name="user.name" value="apathrut"/>
    <property name="java.class.path" value="C:\Users\APathrut\.p2\pool\plugins\org.eclipse.m2e.maven.runtime_1.18.3.20220227-1319\jars\plexus-classworlds-2.6.0.jar"/>
    <property name="java.vm.specification.version" value="16"/>
    <property name="sun.arch.data.model" value="64"/>
    <property name="sun.java.command" value="org.codehaus.plexus.classworlds.launcher.Launcher -B test"/>
    <property name="java.home" value="C:\Program Files\Java\jdk-16"/>
    <property name="user.language" value="en"/>
    <property name="java.specification.vendor" value="Oracle Corporation"/>
    <property name="java.vm.info" value="mixed mode, sharing"/>
    <property name="java.version" value="16"/>
    <property name="java.vendor" value="Oracle Corporation"/>
    <property name="maven.home" value="C:\Users\APathrut\eclipse-workspace\e2colitmus\E2CO%20Automation\EMBEDDED"/>
    <property name="file.separator" value="\"/>
    <property name="java.version.date" value="2021-03-16"/>
    <property name="java.vendor.url.bug" value="https://bugreport.java.com/bugreport/"/>
    <property name="sun.io.unicode.encoding" value="UnicodeLittle"/>
    <property name="sun.cpu.endian" value="little"/>
    <property name="sun.cpu.isalist" value="amd64"/>
  </properties>
  <testcase name="runScenario" classname="runner.TestRunner" time="102.556"/>
  <testcase name="runScenario" classname="runner.TestRunner" time="98.594"/>
  <testcase name="runScenario" classname="runner.TestRunner" time="40.658"/>
  <testcase name="runScenario" classname="runner.TestRunner" time="46.567"/>
  <testcase name="runScenario" classname="runner.TestRunner" time="20.725">
    <failure message="no such element: Unable to locate element: {&quot;method&quot;:&quot;xpath&quot;,&quot;selector&quot;:&quot;//td[contains(text(),&apos;appdemo212&apos;)]&quot;}&#10;  (Session info: chrome=110.0.5481.180)&#10;For documentation on this error, please visit: https://selenium.dev/exceptions/#no_such_element&#10;Build info: version: &apos;4.1.1&apos;, revision: &apos;e8fcc2cecf&apos;&#10;System info: host: &apos;LIN24010693&apos;, ip: &apos;192.168.1.3&apos;, os.name: &apos;Windows 10&apos;, os.arch: &apos;amd64&apos;, os.version: &apos;10.0&apos;, java.version: &apos;16&apos;&#10;Driver info: org.openqa.selenium.chrome.ChromeDriver&#10;Command: [aed607148ec0cc1344a7242e5fb47d8f, findElement {using=xpath, value=//td[contains(text(),&apos;appdemo212&apos;)]}]&#10;Capabilities {acceptInsecureCerts: false, browserName: chrome, browserVersion: 110.0.5481.180, chrome: {chromedriverVersion: 110.0.5481.77 (65ed616c6e8e..., userDataDir: C:\Program Files (x86)\scop...}, goog:chromeOptions: {debuggerAddress: localhost:60822}, javascriptEnabled: true, networkConnectionEnabled: false, pageLoadStrategy: eager, platform: WINDOWS, platformName: WINDOWS, proxy: Proxy(), se:cdp: ws://localhost:60822/devtoo..., se:cdpVersion: 110.0.5481.180, setWindowRect: true, strictFileInteractability: false, timeouts: {implicit: 0, pageLoad: 300000, script: 30000}, unhandledPromptBehavior: dismiss and notify, webauthn:extension:credBlob: true, webauthn:extension:largeBlob: true, webauthn:virtualAuthenticators: true}&#10;Session ID: aed607148ec0cc1344a7242e5fb47d8f" type="org.openqa.selenium.NoSuchElementException">org.openqa.selenium.NoSuchElementException: no such element: Unable to locate element: {"method":"xpath","selector":"//td[contains(text(),'appdemo212')]"}
  (Session info: chrome=110.0.5481.180)
For documentation on this error, please visit: https://selenium.dev/exceptions/#no_such_element
Build info: version: '4.1.1', revision: 'e8fcc2cecf'
System info: host: 'LIN24010693', ip: '192.168.1.3', os.name: 'Windows 10', os.arch: 'amd64', os.version: '10.0', java.version: '16'
Driver info: org.openqa.selenium.chrome.ChromeDriver
Command: [aed607148ec0cc1344a7242e5fb47d8f, findElement {using=xpath, value=//td[contains(text(),'appdemo212')]}]
Capabilities {acceptInsecureCerts: false, browserName: chrome, browserVersion: 110.0.5481.180, chrome: {chromedriverVersion: 110.0.5481.77 (65ed616c6e8e..., userDataDir: C:\Program Files (x86)\scop...}, goog:chromeOptions: {debuggerAddress: localhost:60822}, javascriptEnabled: true, networkConnectionEnabled: false, pageLoadStrategy: eager, platform: WINDOWS, platformName: WINDOWS, proxy: Proxy(), se:cdp: ws://localhost:60822/devtoo..., se:cdpVersion: 110.0.5481.180, setWindowRect: true, strictFileInteractability: false, timeouts: {implicit: 0, pageLoad: 300000, script: 30000}, unhandledPromptBehavior: dismiss and notify, webauthn:extension:credBlob: true, webauthn:extension:largeBlob: true, webauthn:virtualAuthenticators: true}
Session ID: aed607148ec0cc1344a7242e5fb47d8f
	at java.base/jdk.internal.reflect.NativeConstructorAccessorImpl.newInstance0(Native Method)
	at java.base/jdk.internal.reflect.NativeConstructorAccessorImpl.newInstance(NativeConstructorAccessorImpl.java:78)
	at java.base/jdk.internal.reflect.DelegatingConstructorAccessorImpl.newInstance(DelegatingConstructorAccessorImpl.java:45)
	at java.base/java.lang.reflect.Constructor.newInstanceWithCaller(Constructor.java:499)
	at java.base/java.lang.reflect.Constructor.newInstance(Constructor.java:480)
	at org.openqa.selenium.remote.codec.w3c.W3CHttpResponseCodec.createException(W3CHttpResponseCodec.java:200)
	at org.openqa.selenium.remote.codec.w3c.W3CHttpResponseCodec.decode(W3CHttpResponseCodec.java:133)
	at org.openqa.selenium.remote.codec.w3c.W3CHttpResponseCodec.decode(W3CHttpResponseCodec.java:53)
	at org.openqa.selenium.remote.HttpCommandExecutor.execute(HttpCommandExecutor.java:184)
	at org.openqa.selenium.remote.service.DriverCommandExecutor.invokeExecute(DriverCommandExecutor.java:167)
	at org.openqa.selenium.remote.service.DriverCommandExecutor.execute(DriverCommandExecutor.java:142)
	at org.openqa.selenium.remote.RemoteWebDriver.execute(RemoteWebDriver.java:543)
	at org.openqa.selenium.remote.ElementLocation$ElementFinder$2.findElement(ElementLocation.java:162)
	at org.openqa.selenium.remote.ElementLocation.findElement(ElementLocation.java:60)
	at org.openqa.selenium.remote.RemoteWebDriver.findElement(RemoteWebDriver.java:367)
	at org.openqa.selenium.remote.RemoteWebDriver.findElement(RemoteWebDriver.java:359)
	at com.epam.healenium.handlers.proxy.BaseHandler.findElement(BaseHandler.java:62)
	at com.epam.healenium.handlers.proxy.SelfHealingProxyInvocationHandler.invoke(SelfHealingProxyInvocationHandler.java:39)
	at jdk.proxy2/jdk.proxy2.$Proxy41.findElement(Unknown Source)
	at com.sogeti.automation.test.pageFactory.E2CO_MyApplicationPage.selectAppForDeprovision(E2CO_MyApplicationPage.java:612)
	at stepdefinitions.E2COTestSteps.selectRunningAppForDeprovision(E2COTestSteps.java:1089)
	at ✽.clicks on application which is to deprovisionMyApplication, 0(file:///C:/Users/APathrut/eclipse-workspace/e2colitmus/E2CO%2520Automation/src/test/resources/Features/WebUITests/E2COTests_MyApplication.feature:95)
</failure>
    <system-out><![CDATA[
@myapplication
Scenario Outline: user able to deprovision the application            # src/test/resources/Features/WebUITests/E2COTests_MyApplication.feature:103
2023-03-11 14:35:02,063 [INFO] [LOCAL, LOCAL, LOCAL, LOCAL, qa.properties] Received parameter 'TestEnvironment' = QA
2023-03-11 14:35:02,063 [INFO] [LOCAL, LOCAL, LOCAL, LOCAL, qa.properties] Initializing self healing driver
2023-03-11 14:35:04,007 [INFO] [LOCAL, LOCAL, LOCAL, LOCAL, LOCAL, CHROME] New driver instantiated.
2023-03-11 14:35:06,942 [INFO] [LOCAL, LOCAL, LOCAL, LOCAL, LOCAL, qa.properties] Received parameter 'TestEnvironment' = QA
2023-03-11 14:35:06,943 [INFO] [LOCAL, LOCAL, LOCAL, LOCAL, LOCAL, CommonSteps] Scenario Name: user able to deprovision the application
2023-03-11 14:35:06,943 [INFO] [LOCAL, LOCAL, LOCAL, LOCAL, LOCAL, qa.properties] Received parameter 'TestEnvironment' = QA
2023-03-11 14:35:07,230 [INFO] [LOCAL, LOCAL, LOCAL, LOCAL, LOCAL, E2COTestSteps] Entered username
2023-03-11 14:35:07,330 [INFO] [LOCAL, LOCAL, LOCAL, LOCAL, LOCAL, E2COTestSteps] Entered password
2023-03-11 14:35:07,422 [INFO] [LOCAL, LOCAL, LOCAL, LOCAL, LOCAL, E2COTestSteps] Entered domain
  When user logs into MEC portalAdmin                                 # stepdefinitions.E2COTestSteps.login(java.lang.String)

    Embedding user able to deprovision the application [image/png 500422 bytes]

  And user is on Dashboard page                                       # stepdefinitions.E2COTestSteps.verifyUserisOnDashboard()

    Embedding user able to deprovision the application [image/png 96768 bytes]

2023-03-11 14:35:08,358 [INFO] [LOCAL, LOCAL, LOCAL, LOCAL, LOCAL, E2COTestSteps] Clicked on my application menu
  And user clicks on my application                                   # stepdefinitions.E2COTestSteps.clickOnMyApplication()

    Embedding user able to deprovision the application [image/png 86714 bytes]

1
  Then user is on my application page                                 # stepdefinitions.E2COTestSteps.verifyUserIsOnMyApplicationPage()

    Embedding user able to deprovision the application [image/png 66945 bytes]

  When clicks on application which is to deprovisionMyApplication, 0  # stepdefinitions.E2COTestSteps.selectRunningAppForDeprovision(java.lang.String,int)
      org.openqa.selenium.NoSuchElementException: no such element: Unable to locate element: {"method":"xpath","selector":"//td[contains(text(),'appdemo212')]"}
  (Session info: chrome=110.0.5481.180)
For documentation on this error, please visit: https://selenium.dev/exceptions/#no_such_element
Build info: version: '4.1.1', revision: 'e8fcc2cecf'
System info: host: 'LIN24010693', ip: '192.168.1.3', os.name: 'Windows 10', os.arch: 'amd64', os.version: '10.0', java.version: '16'
Driver info: org.openqa.selenium.chrome.ChromeDriver
Command: [aed607148ec0cc1344a7242e5fb47d8f, findElement {using=xpath, value=//td[contains(text(),'appdemo212')]}]
Capabilities {acceptInsecureCerts: false, browserName: chrome, browserVersion: 110.0.5481.180, chrome: {chromedriverVersion: 110.0.5481.77 (65ed616c6e8e..., userDataDir: C:\Program Files (x86)\scop...}, goog:chromeOptions: {debuggerAddress: localhost:60822}, javascriptEnabled: true, networkConnectionEnabled: false, pageLoadStrategy: eager, platform: WINDOWS, platformName: WINDOWS, proxy: Proxy(), se:cdp: ws://localhost:60822/devtoo..., se:cdpVersion: 110.0.5481.180, setWindowRect: true, strictFileInteractability: false, timeouts: {implicit: 0, pageLoad: 300000, script: 30000}, unhandledPromptBehavior: dismiss and notify, webauthn:extension:credBlob: true, webauthn:extension:largeBlob: true, webauthn:virtualAuthenticators: true}
Session ID: aed607148ec0cc1344a7242e5fb47d8f
	at java.base/jdk.internal.reflect.NativeConstructorAccessorImpl.newInstance0(Native Method)
	at java.base/jdk.internal.reflect.NativeConstructorAccessorImpl.newInstance(NativeConstructorAccessorImpl.java:78)
	at java.base/jdk.internal.reflect.DelegatingConstructorAccessorImpl.newInstance(DelegatingConstructorAccessorImpl.java:45)
	at java.base/java.lang.reflect.Constructor.newInstanceWithCaller(Constructor.java:499)
	at java.base/java.lang.reflect.Constructor.newInstance(Constructor.java:480)
	at org.openqa.selenium.remote.codec.w3c.W3CHttpResponseCodec.createException(W3CHttpResponseCodec.java:200)
	at org.openqa.selenium.remote.codec.w3c.W3CHttpResponseCodec.decode(W3CHttpResponseCodec.java:133)
	at org.openqa.selenium.remote.codec.w3c.W3CHttpResponseCodec.decode(W3CHttpResponseCodec.java:53)
	at org.openqa.selenium.remote.HttpCommandExecutor.execute(HttpCommandExecutor.java:184)
	at org.openqa.selenium.remote.service.DriverCommandExecutor.invokeExecute(DriverCommandExecutor.java:167)
	at org.openqa.selenium.remote.service.DriverCommandExecutor.execute(DriverCommandExecutor.java:142)
	at org.openqa.selenium.remote.RemoteWebDriver.execute(RemoteWebDriver.java:543)
	at org.openqa.selenium.remote.ElementLocation$ElementFinder$2.findElement(ElementLocation.java:162)
	at org.openqa.selenium.remote.ElementLocation.findElement(ElementLocation.java:60)
	at org.openqa.selenium.remote.RemoteWebDriver.findElement(RemoteWebDriver.java:367)
	at org.openqa.selenium.remote.RemoteWebDriver.findElement(RemoteWebDriver.java:359)
	at com.epam.healenium.handlers.proxy.BaseHandler.findElement(BaseHandler.java:62)
	at com.epam.healenium.handlers.proxy.SelfHealingProxyInvocationHandler.invoke(SelfHealingProxyInvocationHandler.java:39)
	at jdk.proxy2/jdk.proxy2.$Proxy41.findElement(Unknown Source)
	at com.sogeti.automation.test.pageFactory.E2CO_MyApplicationPage.selectAppForDeprovision(E2CO_MyApplicationPage.java:612)
	at stepdefinitions.E2COTestSteps.selectRunningAppForDeprovision(E2COTestSteps.java:1089)
	at âœ½.clicks on application which is to deprovisionMyApplication, 0(file:///C:/Users/APathrut/eclipse-workspace/e2colitmus/E2CO%2520Automation/src/test/resources/Features/WebUITests/E2COTests_MyApplication.feature:95)


    Embedding user able to deprovision the application [image/png 67050 bytes]

  Then user is able to see the application details of provisioned app # stepdefinitions.E2COTestSteps.detailsOfAppIsDisplayed()
  When user clicks on deprovision button                              # stepdefinitions.E2COTestSteps.clickOnDeprovisionButtion()
  Then user able to see warning message for deprovision               # stepdefinitions.E2COTestSteps.verifyWarningMessageIsDisplayed()
  When user clicks on confirm button                                  # stepdefinitions.E2COTestSteps.clcikOnConfirmButton()
  Then user able to see the app is deprovisioned                      # stepdefinitions.E2COTestSteps.verifyAppIsDeprovisioned()
2023-03-11 14:35:22,773 [INFO] [LOCAL, LOCAL, LOCAL, LOCAL, LOCAL, E2COTestSteps] Execution status is: FAILED
]]></system-out>
    <system-err><![CDATA[[main] INFO io.github.bonigarcia.wdm.cache.ResolutionCache - Clearing WebDriverManager resolution cache
[main] INFO io.github.bonigarcia.wdm.WebDriverManager - Using chromedriver 110.0.5481.77 (resolved driver for Chrome 110)
[main] INFO io.github.bonigarcia.wdm.WebDriverManager - Exporting webdriver.chrome.driver as C:\Users\APathrut\.cache\selenium\chromedriver\win32\110.0.5481.77\chromedriver.exe
Starting ChromeDriver 110.0.5481.77 (65ed616c6e8ee3fe0ad64fe83796c020644d42af-refs/branch-heads/5481@{#839}) on port 58294
Only local connections are allowed.
Please see https://chromedriver.chromium.org/security-considerations for suggestions on keeping ChromeDriver safe.
ChromeDriver was started successfully.
[1678525503.855][WARNING]: virtual void DevToolsClientImpl::AddListener(DevToolsEventListener *) subscribing a listener to the already connected DevToolsClient. Connection notification will not arrive.
Mar 11, 2023 2:35:03 PM org.openqa.selenium.remote.ProtocolHandshake createSession
INFO: Detected dialect: W3C
Mar 11, 2023 2:35:03 PM org.openqa.selenium.devtools.CdpVersionFinder findNearestMatch
WARNING: Unable to find an exact match for CDP version 110, so returning the closest version found: a no-op implementation
Mar 11, 2023 2:35:03 PM org.openqa.selenium.devtools.CdpVersionFinder findNearestMatch
INFO: Unable to find CDP implementation matching 110.
Mar 11, 2023 2:35:03 PM org.openqa.selenium.chromium.ChromiumDriver lambda$new$3
WARNING: Unable to find version of CDP to use for . You may need to include a dependency on a specific version of the CDP using something similar to `org.seleniumhq.selenium:selenium-devtools-v86:4.1.1` where the version ("v86") matches the version of the chromium-based browser you're using and the version number of the artifact is the same as Selenium's.
]]></system-err>
  </testcase>
  <testcase name="runScenario" classname="runner.TestRunner" time="19.245">
    <failure message="no such element: Unable to locate element: {&quot;method&quot;:&quot;xpath&quot;,&quot;selector&quot;:&quot;//td[contains(text(),&apos;appdemo213&apos;)]&quot;}&#10;  (Session info: chrome=110.0.5481.180)&#10;For documentation on this error, please visit: https://selenium.dev/exceptions/#no_such_element&#10;Build info: version: &apos;4.1.1&apos;, revision: &apos;e8fcc2cecf&apos;&#10;System info: host: &apos;LIN24010693&apos;, ip: &apos;192.168.1.3&apos;, os.name: &apos;Windows 10&apos;, os.arch: &apos;amd64&apos;, os.version: &apos;10.0&apos;, java.version: &apos;16&apos;&#10;Driver info: org.openqa.selenium.chrome.ChromeDriver&#10;Command: [e89171888622c3b26c100bdf3f54b339, findElement {using=xpath, value=//td[contains(text(),&apos;appdemo213&apos;)]}]&#10;Capabilities {acceptInsecureCerts: false, browserName: chrome, browserVersion: 110.0.5481.180, chrome: {chromedriverVersion: 110.0.5481.77 (65ed616c6e8e..., userDataDir: C:\Program Files (x86)\scop...}, goog:chromeOptions: {debuggerAddress: localhost:60859}, javascriptEnabled: true, networkConnectionEnabled: false, pageLoadStrategy: eager, platform: WINDOWS, platformName: WINDOWS, proxy: Proxy(), se:cdp: ws://localhost:60859/devtoo..., se:cdpVersion: 110.0.5481.180, setWindowRect: true, strictFileInteractability: false, timeouts: {implicit: 0, pageLoad: 300000, script: 30000}, unhandledPromptBehavior: dismiss and notify, webauthn:extension:credBlob: true, webauthn:extension:largeBlob: true, webauthn:virtualAuthenticators: true}&#10;Session ID: e89171888622c3b26c100bdf3f54b339" type="org.openqa.selenium.NoSuchElementException">org.openqa.selenium.NoSuchElementException: no such element: Unable to locate element: {"method":"xpath","selector":"//td[contains(text(),'appdemo213')]"}
  (Session info: chrome=110.0.5481.180)
For documentation on this error, please visit: https://selenium.dev/exceptions/#no_such_element
Build info: version: '4.1.1', revision: 'e8fcc2cecf'
System info: host: 'LIN24010693', ip: '192.168.1.3', os.name: 'Windows 10', os.arch: 'amd64', os.version: '10.0', java.version: '16'
Driver info: org.openqa.selenium.chrome.ChromeDriver
Command: [e89171888622c3b26c100bdf3f54b339, findElement {using=xpath, value=//td[contains(text(),'appdemo213')]}]
Capabilities {acceptInsecureCerts: false, browserName: chrome, browserVersion: 110.0.5481.180, chrome: {chromedriverVersion: 110.0.5481.77 (65ed616c6e8e..., userDataDir: C:\Program Files (x86)\scop...}, goog:chromeOptions: {debuggerAddress: localhost:60859}, javascriptEnabled: true, networkConnectionEnabled: false, pageLoadStrategy: eager, platform: WINDOWS, platformName: WINDOWS, proxy: Proxy(), se:cdp: ws://localhost:60859/devtoo..., se:cdpVersion: 110.0.5481.180, setWindowRect: true, strictFileInteractability: false, timeouts: {implicit: 0, pageLoad: 300000, script: 30000}, unhandledPromptBehavior: dismiss and notify, webauthn:extension:credBlob: true, webauthn:extension:largeBlob: true, webauthn:virtualAuthenticators: true}
Session ID: e89171888622c3b26c100bdf3f54b339
	at java.base/jdk.internal.reflect.NativeConstructorAccessorImpl.newInstance0(Native Method)
	at java.base/jdk.internal.reflect.NativeConstructorAccessorImpl.newInstance(NativeConstructorAccessorImpl.java:78)
	at java.base/jdk.internal.reflect.DelegatingConstructorAccessorImpl.newInstance(DelegatingConstructorAccessorImpl.java:45)
	at java.base/java.lang.reflect.Constructor.newInstanceWithCaller(Constructor.java:499)
	at java.base/java.lang.reflect.Constructor.newInstance(Constructor.java:480)
	at org.openqa.selenium.remote.codec.w3c.W3CHttpResponseCodec.createException(W3CHttpResponseCodec.java:200)
	at org.openqa.selenium.remote.codec.w3c.W3CHttpResponseCodec.decode(W3CHttpResponseCodec.java:133)
	at org.openqa.selenium.remote.codec.w3c.W3CHttpResponseCodec.decode(W3CHttpResponseCodec.java:53)
	at org.openqa.selenium.remote.HttpCommandExecutor.execute(HttpCommandExecutor.java:184)
	at org.openqa.selenium.remote.service.DriverCommandExecutor.invokeExecute(DriverCommandExecutor.java:167)
	at org.openqa.selenium.remote.service.DriverCommandExecutor.execute(DriverCommandExecutor.java:142)
	at org.openqa.selenium.remote.RemoteWebDriver.execute(RemoteWebDriver.java:543)
	at org.openqa.selenium.remote.ElementLocation$ElementFinder$2.findElement(ElementLocation.java:162)
	at org.openqa.selenium.remote.ElementLocation.findElement(ElementLocation.java:60)
	at org.openqa.selenium.remote.RemoteWebDriver.findElement(RemoteWebDriver.java:367)
	at org.openqa.selenium.remote.RemoteWebDriver.findElement(RemoteWebDriver.java:359)
	at com.epam.healenium.handlers.proxy.BaseHandler.findElement(BaseHandler.java:62)
	at com.epam.healenium.handlers.proxy.SelfHealingProxyInvocationHandler.invoke(SelfHealingProxyInvocationHandler.java:39)
	at jdk.proxy2/jdk.proxy2.$Proxy41.findElement(Unknown Source)
	at com.sogeti.automation.test.pageFactory.E2CO_MyApplicationPage.selectAppForDeprovision(E2CO_MyApplicationPage.java:612)
	at stepdefinitions.E2COTestSteps.selectRunningAppForDeprovision(E2COTestSteps.java:1089)
	at ✽.clicks on application which is to deprovisionMyApplication, 1(file:///C:/Users/APathrut/eclipse-workspace/e2colitmus/E2CO%2520Automation/src/test/resources/Features/WebUITests/E2COTests_MyApplication.feature:95)
</failure>
    <system-out><![CDATA[
@myapplication
Scenario Outline: user able to deprovision the application            # src/test/resources/Features/WebUITests/E2COTests_MyApplication.feature:104
2023-03-11 14:35:22,788 [INFO] [LOCAL, LOCAL, LOCAL, LOCAL, LOCAL, qa.properties] Received parameter 'TestEnvironment' = QA
2023-03-11 14:35:22,788 [INFO] [LOCAL, LOCAL, LOCAL, LOCAL, LOCAL, qa.properties] Initializing self healing driver
2023-03-11 14:35:24,682 [INFO] [LOCAL, LOCAL, LOCAL, LOCAL, LOCAL, LOCAL, CHROME] New driver instantiated.
2023-03-11 14:35:27,737 [INFO] [LOCAL, LOCAL, LOCAL, LOCAL, LOCAL, LOCAL, qa.properties] Received parameter 'TestEnvironment' = QA
2023-03-11 14:35:27,738 [INFO] [LOCAL, LOCAL, LOCAL, LOCAL, LOCAL, LOCAL, CommonSteps] Scenario Name: user able to deprovision the application
2023-03-11 14:35:27,738 [INFO] [LOCAL, LOCAL, LOCAL, LOCAL, LOCAL, LOCAL, qa.properties] Received parameter 'TestEnvironment' = QA
2023-03-11 14:35:27,938 [INFO] [LOCAL, LOCAL, LOCAL, LOCAL, LOCAL, LOCAL, E2COTestSteps] Entered username
2023-03-11 14:35:28,139 [INFO] [LOCAL, LOCAL, LOCAL, LOCAL, LOCAL, LOCAL, E2COTestSteps] Entered password
2023-03-11 14:35:28,238 [INFO] [LOCAL, LOCAL, LOCAL, LOCAL, LOCAL, LOCAL, E2COTestSteps] Entered domain
  When user logs into MEC portalAdmin                                 # stepdefinitions.E2COTestSteps.login(java.lang.String)

    Embedding user able to deprovision the application [image/png 500422 bytes]

  And user is on Dashboard page                                       # stepdefinitions.E2COTestSteps.verifyUserisOnDashboard()

    Embedding user able to deprovision the application [image/png 96768 bytes]

2023-03-11 14:35:29,231 [INFO] [LOCAL, LOCAL, LOCAL, LOCAL, LOCAL, LOCAL, E2COTestSteps] Clicked on my application menu
  And user clicks on my application                                   # stepdefinitions.E2COTestSteps.clickOnMyApplication()

    Embedding user able to deprovision the application [image/png 67050 bytes]

1
  Then user is on my application page                                 # stepdefinitions.E2COTestSteps.verifyUserIsOnMyApplicationPage()

    Embedding user able to deprovision the application [image/png 67050 bytes]

  When clicks on application which is to deprovisionMyApplication, 1  # stepdefinitions.E2COTestSteps.selectRunningAppForDeprovision(java.lang.String,int)
      org.openqa.selenium.NoSuchElementException: no such element: Unable to locate element: {"method":"xpath","selector":"//td[contains(text(),'appdemo213')]"}
  (Session info: chrome=110.0.5481.180)
For documentation on this error, please visit: https://selenium.dev/exceptions/#no_such_element
Build info: version: '4.1.1', revision: 'e8fcc2cecf'
System info: host: 'LIN24010693', ip: '192.168.1.3', os.name: 'Windows 10', os.arch: 'amd64', os.version: '10.0', java.version: '16'
Driver info: org.openqa.selenium.chrome.ChromeDriver
Command: [e89171888622c3b26c100bdf3f54b339, findElement {using=xpath, value=//td[contains(text(),'appdemo213')]}]
Capabilities {acceptInsecureCerts: false, browserName: chrome, browserVersion: 110.0.5481.180, chrome: {chromedriverVersion: 110.0.5481.77 (65ed616c6e8e..., userDataDir: C:\Program Files (x86)\scop...}, goog:chromeOptions: {debuggerAddress: localhost:60859}, javascriptEnabled: true, networkConnectionEnabled: false, pageLoadStrategy: eager, platform: WINDOWS, platformName: WINDOWS, proxy: Proxy(), se:cdp: ws://localhost:60859/devtoo..., se:cdpVersion: 110.0.5481.180, setWindowRect: true, strictFileInteractability: false, timeouts: {implicit: 0, pageLoad: 300000, script: 30000}, unhandledPromptBehavior: dismiss and notify, webauthn:extension:credBlob: true, webauthn:extension:largeBlob: true, webauthn:virtualAuthenticators: true}
Session ID: e89171888622c3b26c100bdf3f54b339
	at java.base/jdk.internal.reflect.NativeConstructorAccessorImpl.newInstance0(Native Method)
	at java.base/jdk.internal.reflect.NativeConstructorAccessorImpl.newInstance(NativeConstructorAccessorImpl.java:78)
	at java.base/jdk.internal.reflect.DelegatingConstructorAccessorImpl.newInstance(DelegatingConstructorAccessorImpl.java:45)
	at java.base/java.lang.reflect.Constructor.newInstanceWithCaller(Constructor.java:499)
	at java.base/java.lang.reflect.Constructor.newInstance(Constructor.java:480)
	at org.openqa.selenium.remote.codec.w3c.W3CHttpResponseCodec.createException(W3CHttpResponseCodec.java:200)
	at org.openqa.selenium.remote.codec.w3c.W3CHttpResponseCodec.decode(W3CHttpResponseCodec.java:133)
	at org.openqa.selenium.remote.codec.w3c.W3CHttpResponseCodec.decode(W3CHttpResponseCodec.java:53)
	at org.openqa.selenium.remote.HttpCommandExecutor.execute(HttpCommandExecutor.java:184)
	at org.openqa.selenium.remote.service.DriverCommandExecutor.invokeExecute(DriverCommandExecutor.java:167)
	at org.openqa.selenium.remote.service.DriverCommandExecutor.execute(DriverCommandExecutor.java:142)
	at org.openqa.selenium.remote.RemoteWebDriver.execute(RemoteWebDriver.java:543)
	at org.openqa.selenium.remote.ElementLocation$ElementFinder$2.findElement(ElementLocation.java:162)
	at org.openqa.selenium.remote.ElementLocation.findElement(ElementLocation.java:60)
	at org.openqa.selenium.remote.RemoteWebDriver.findElement(RemoteWebDriver.java:367)
	at org.openqa.selenium.remote.RemoteWebDriver.findElement(RemoteWebDriver.java:359)
	at com.epam.healenium.handlers.proxy.BaseHandler.findElement(BaseHandler.java:62)
	at com.epam.healenium.handlers.proxy.SelfHealingProxyInvocationHandler.invoke(SelfHealingProxyInvocationHandler.java:39)
	at jdk.proxy2/jdk.proxy2.$Proxy41.findElement(Unknown Source)
	at com.sogeti.automation.test.pageFactory.E2CO_MyApplicationPage.selectAppForDeprovision(E2CO_MyApplicationPage.java:612)
	at stepdefinitions.E2COTestSteps.selectRunningAppForDeprovision(E2COTestSteps.java:1089)
	at âœ½.clicks on application which is to deprovisionMyApplication, 1(file:///C:/Users/APathrut/eclipse-workspace/e2colitmus/E2CO%2520Automation/src/test/resources/Features/WebUITests/E2COTests_MyApplication.feature:95)


    Embedding user able to deprovision the application [image/png 67050 bytes]

  Then user is able to see the application details of provisioned app # stepdefinitions.E2COTestSteps.detailsOfAppIsDisplayed()
  When user clicks on deprovision button                              # stepdefinitions.E2COTestSteps.clickOnDeprovisionButtion()
  Then user able to see warning message for deprovision               # stepdefinitions.E2COTestSteps.verifyWarningMessageIsDisplayed()
  When user clicks on confirm button                                  # stepdefinitions.E2COTestSteps.clcikOnConfirmButton()
  Then user able to see the app is deprovisioned                      # stepdefinitions.E2COTestSteps.verifyAppIsDeprovisioned()
2023-03-11 14:35:42,027 [INFO] [LOCAL, LOCAL, LOCAL, LOCAL, LOCAL, LOCAL, E2COTestSteps] Execution status is: FAILED
]]></system-out>
    <system-err><![CDATA[[main] INFO io.github.bonigarcia.wdm.cache.ResolutionCache - Clearing WebDriverManager resolution cache
[main] INFO io.github.bonigarcia.wdm.WebDriverManager - Using chromedriver 110.0.5481.77 (resolved driver for Chrome 110)
[main] INFO io.github.bonigarcia.wdm.WebDriverManager - Exporting webdriver.chrome.driver as C:\Users\APathrut\.cache\selenium\chromedriver\win32\110.0.5481.77\chromedriver.exe
Starting ChromeDriver 110.0.5481.77 (65ed616c6e8ee3fe0ad64fe83796c020644d42af-refs/branch-heads/5481@{#839}) on port 62953
Only local connections are allowed.
Please see https://chromedriver.chromium.org/security-considerations for suggestions on keeping ChromeDriver safe.
ChromeDriver was started successfully.
Cleaning up unclosed ZipFile for archive C:\Users\APathrut\eclipse-workspace\e2colitmus\E2CO%20Automation\input-data\inputFiles\InputData.xlsx
[1678525524.509][WARNING]: virtual void DevToolsClientImpl::AddListener(DevToolsEventListener *) subscribing a listener to the already connected DevToolsClient. Connection notification will not arrive.
Mar 11, 2023 2:35:24 PM org.openqa.selenium.remote.ProtocolHandshake createSession
INFO: Detected dialect: W3C
Mar 11, 2023 2:35:24 PM org.openqa.selenium.devtools.CdpVersionFinder findNearestMatch
WARNING: Unable to find an exact match for CDP version 110, so returning the closest version found: a no-op implementation
Mar 11, 2023 2:35:24 PM org.openqa.selenium.devtools.CdpVersionFinder findNearestMatch
INFO: Unable to find CDP implementation matching 110.
Mar 11, 2023 2:35:24 PM org.openqa.selenium.chromium.ChromiumDriver lambda$new$3
WARNING: Unable to find version of CDP to use for . You may need to include a dependency on a specific version of the CDP using something similar to `org.seleniumhq.selenium:selenium-devtools-v86:4.1.1` where the version ("v86") matches the version of the chromium-based browser you're using and the version number of the artifact is the same as Selenium's.
]]></system-err>
  </testcase>
  <testcase name="runScenario" classname="runner.TestRunner" time="23.043">
    <failure message="no such element: Unable to locate element: {&quot;method&quot;:&quot;xpath&quot;,&quot;selector&quot;:&quot;//td[contains(text(),&apos;appdemo212&apos;)]&quot;}&#10;  (Session info: chrome=110.0.5481.180)&#10;For documentation on this error, please visit: https://selenium.dev/exceptions/#no_such_element&#10;Build info: version: &apos;4.1.1&apos;, revision: &apos;e8fcc2cecf&apos;&#10;System info: host: &apos;LIN24010693&apos;, ip: &apos;192.168.1.3&apos;, os.name: &apos;Windows 10&apos;, os.arch: &apos;amd64&apos;, os.version: &apos;10.0&apos;, java.version: &apos;16&apos;&#10;Driver info: org.openqa.selenium.chrome.ChromeDriver&#10;Command: [ab4078abd4aecc8acfbe65a6e0c9949a, findElement {using=xpath, value=//td[contains(text(),&apos;appdemo212&apos;)]}]&#10;Capabilities {acceptInsecureCerts: false, browserName: chrome, browserVersion: 110.0.5481.180, chrome: {chromedriverVersion: 110.0.5481.77 (65ed616c6e8e..., userDataDir: C:\Program Files (x86)\scop...}, goog:chromeOptions: {debuggerAddress: localhost:60896}, javascriptEnabled: true, networkConnectionEnabled: false, pageLoadStrategy: eager, platform: WINDOWS, platformName: WINDOWS, proxy: Proxy(), se:cdp: ws://localhost:60896/devtoo..., se:cdpVersion: 110.0.5481.180, setWindowRect: true, strictFileInteractability: false, timeouts: {implicit: 0, pageLoad: 300000, script: 30000}, unhandledPromptBehavior: dismiss and notify, webauthn:extension:credBlob: true, webauthn:extension:largeBlob: true, webauthn:virtualAuthenticators: true}&#10;Session ID: ab4078abd4aecc8acfbe65a6e0c9949a" type="org.openqa.selenium.NoSuchElementException">org.openqa.selenium.NoSuchElementException: no such element: Unable to locate element: {"method":"xpath","selector":"//td[contains(text(),'appdemo212')]"}
  (Session info: chrome=110.0.5481.180)
For documentation on this error, please visit: https://selenium.dev/exceptions/#no_such_element
Build info: version: '4.1.1', revision: 'e8fcc2cecf'
System info: host: 'LIN24010693', ip: '192.168.1.3', os.name: 'Windows 10', os.arch: 'amd64', os.version: '10.0', java.version: '16'
Driver info: org.openqa.selenium.chrome.ChromeDriver
Command: [ab4078abd4aecc8acfbe65a6e0c9949a, findElement {using=xpath, value=//td[contains(text(),'appdemo212')]}]
Capabilities {acceptInsecureCerts: false, browserName: chrome, browserVersion: 110.0.5481.180, chrome: {chromedriverVersion: 110.0.5481.77 (65ed616c6e8e..., userDataDir: C:\Program Files (x86)\scop...}, goog:chromeOptions: {debuggerAddress: localhost:60896}, javascriptEnabled: true, networkConnectionEnabled: false, pageLoadStrategy: eager, platform: WINDOWS, platformName: WINDOWS, proxy: Proxy(), se:cdp: ws://localhost:60896/devtoo..., se:cdpVersion: 110.0.5481.180, setWindowRect: true, strictFileInteractability: false, timeouts: {implicit: 0, pageLoad: 300000, script: 30000}, unhandledPromptBehavior: dismiss and notify, webauthn:extension:credBlob: true, webauthn:extension:largeBlob: true, webauthn:virtualAuthenticators: true}
Session ID: ab4078abd4aecc8acfbe65a6e0c9949a
	at java.base/jdk.internal.reflect.NativeConstructorAccessorImpl.newInstance0(Native Method)
	at java.base/jdk.internal.reflect.NativeConstructorAccessorImpl.newInstance(NativeConstructorAccessorImpl.java:78)
	at java.base/jdk.internal.reflect.DelegatingConstructorAccessorImpl.newInstance(DelegatingConstructorAccessorImpl.java:45)
	at java.base/java.lang.reflect.Constructor.newInstanceWithCaller(Constructor.java:499)
	at java.base/java.lang.reflect.Constructor.newInstance(Constructor.java:480)
	at org.openqa.selenium.remote.codec.w3c.W3CHttpResponseCodec.createException(W3CHttpResponseCodec.java:200)
	at org.openqa.selenium.remote.codec.w3c.W3CHttpResponseCodec.decode(W3CHttpResponseCodec.java:133)
	at org.openqa.selenium.remote.codec.w3c.W3CHttpResponseCodec.decode(W3CHttpResponseCodec.java:53)
	at org.openqa.selenium.remote.HttpCommandExecutor.execute(HttpCommandExecutor.java:184)
	at org.openqa.selenium.remote.service.DriverCommandExecutor.invokeExecute(DriverCommandExecutor.java:167)
	at org.openqa.selenium.remote.service.DriverCommandExecutor.execute(DriverCommandExecutor.java:142)
	at org.openqa.selenium.remote.RemoteWebDriver.execute(RemoteWebDriver.java:543)
	at org.openqa.selenium.remote.ElementLocation$ElementFinder$2.findElement(ElementLocation.java:162)
	at org.openqa.selenium.remote.ElementLocation.findElement(ElementLocation.java:60)
	at org.openqa.selenium.remote.RemoteWebDriver.findElement(RemoteWebDriver.java:367)
	at org.openqa.selenium.remote.RemoteWebDriver.findElement(RemoteWebDriver.java:359)
	at com.epam.healenium.handlers.proxy.BaseHandler.findElement(BaseHandler.java:62)
	at com.epam.healenium.handlers.proxy.SelfHealingProxyInvocationHandler.invoke(SelfHealingProxyInvocationHandler.java:39)
	at jdk.proxy2/jdk.proxy2.$Proxy41.findElement(Unknown Source)
	at com.sogeti.automation.test.pageFactory.E2CO_MyApplicationPage.selectAppForDebaord(E2CO_MyApplicationPage.java:644)
	at stepdefinitions.E2COTestSteps.selectApplicationForDeboarding(E2COTestSteps.java:1180)
	at ✽.clicks on application which is to deboard the applicationMyApplication, 0(file:///C:/Users/APathrut/eclipse-workspace/e2colitmus/E2CO%2520Automation/src/test/resources/Features/WebUITests/E2COTests_MyApplication.feature:112)
</failure>
    <system-out><![CDATA[
@myapplication
Scenario Outline: user able to deboard the application                           # src/test/resources/Features/WebUITests/E2COTests_MyApplication.feature:120
2023-03-11 14:35:42,035 [INFO] [LOCAL, LOCAL, LOCAL, LOCAL, LOCAL, LOCAL, qa.properties] Received parameter 'TestEnvironment' = QA
2023-03-11 14:35:42,035 [INFO] [LOCAL, LOCAL, LOCAL, LOCAL, LOCAL, LOCAL, qa.properties] Initializing self healing driver
2023-03-11 14:35:45,629 [INFO] [LOCAL, LOCAL, LOCAL, LOCAL, LOCAL, LOCAL, LOCAL, CHROME] New driver instantiated.
2023-03-11 14:35:48,801 [INFO] [LOCAL, LOCAL, LOCAL, LOCAL, LOCAL, LOCAL, LOCAL, qa.properties] Received parameter 'TestEnvironment' = QA
2023-03-11 14:35:48,801 [INFO] [LOCAL, LOCAL, LOCAL, LOCAL, LOCAL, LOCAL, LOCAL, CommonSteps] Scenario Name: user able to deboard the application
2023-03-11 14:35:48,802 [INFO] [LOCAL, LOCAL, LOCAL, LOCAL, LOCAL, LOCAL, LOCAL, qa.properties] Received parameter 'TestEnvironment' = QA
2023-03-11 14:35:49,086 [INFO] [LOCAL, LOCAL, LOCAL, LOCAL, LOCAL, LOCAL, LOCAL, E2COTestSteps] Entered username
2023-03-11 14:35:49,192 [INFO] [LOCAL, LOCAL, LOCAL, LOCAL, LOCAL, LOCAL, LOCAL, E2COTestSteps] Entered password
2023-03-11 14:35:49,289 [INFO] [LOCAL, LOCAL, LOCAL, LOCAL, LOCAL, LOCAL, LOCAL, E2COTestSteps] Entered domain
  When user logs into MEC portalAdmin                                            # stepdefinitions.E2COTestSteps.login(java.lang.String)

    Embedding user able to deboard the application [image/png 500422 bytes]

  And user is on Dashboard page                                                  # stepdefinitions.E2COTestSteps.verifyUserisOnDashboard()

    Embedding user able to deboard the application [image/png 96768 bytes]

2023-03-11 14:35:50,275 [INFO] [LOCAL, LOCAL, LOCAL, LOCAL, LOCAL, LOCAL, LOCAL, E2COTestSteps] Clicked on my application menu
  And user clicks on my application                                              # stepdefinitions.E2COTestSteps.clickOnMyApplication()

    Embedding user able to deboard the application [image/png 199095 bytes]

1
  Then user is on my application page                                            # stepdefinitions.E2COTestSteps.verifyUserIsOnMyApplicationPage()

    Embedding user able to deboard the application [image/png 67028 bytes]

1
  When clicks on application which is to deboard the applicationMyApplication, 0 # stepdefinitions.E2COTestSteps.selectApplicationForDeboarding(java.lang.String,int)
      org.openqa.selenium.NoSuchElementException: no such element: Unable to locate element: {"method":"xpath","selector":"//td[contains(text(),'appdemo212')]"}
  (Session info: chrome=110.0.5481.180)
For documentation on this error, please visit: https://selenium.dev/exceptions/#no_such_element
Build info: version: '4.1.1', revision: 'e8fcc2cecf'
System info: host: 'LIN24010693', ip: '192.168.1.3', os.name: 'Windows 10', os.arch: 'amd64', os.version: '10.0', java.version: '16'
Driver info: org.openqa.selenium.chrome.ChromeDriver
Command: [ab4078abd4aecc8acfbe65a6e0c9949a, findElement {using=xpath, value=//td[contains(text(),'appdemo212')]}]
Capabilities {acceptInsecureCerts: false, browserName: chrome, browserVersion: 110.0.5481.180, chrome: {chromedriverVersion: 110.0.5481.77 (65ed616c6e8e..., userDataDir: C:\Program Files (x86)\scop...}, goog:chromeOptions: {debuggerAddress: localhost:60896}, javascriptEnabled: true, networkConnectionEnabled: false, pageLoadStrategy: eager, platform: WINDOWS, platformName: WINDOWS, proxy: Proxy(), se:cdp: ws://localhost:60896/devtoo..., se:cdpVersion: 110.0.5481.180, setWindowRect: true, strictFileInteractability: false, timeouts: {implicit: 0, pageLoad: 300000, script: 30000}, unhandledPromptBehavior: dismiss and notify, webauthn:extension:credBlob: true, webauthn:extension:largeBlob: true, webauthn:virtualAuthenticators: true}
Session ID: ab4078abd4aecc8acfbe65a6e0c9949a
	at java.base/jdk.internal.reflect.NativeConstructorAccessorImpl.newInstance0(Native Method)
	at java.base/jdk.internal.reflect.NativeConstructorAccessorImpl.newInstance(NativeConstructorAccessorImpl.java:78)
	at java.base/jdk.internal.reflect.DelegatingConstructorAccessorImpl.newInstance(DelegatingConstructorAccessorImpl.java:45)
	at java.base/java.lang.reflect.Constructor.newInstanceWithCaller(Constructor.java:499)
	at java.base/java.lang.reflect.Constructor.newInstance(Constructor.java:480)
	at org.openqa.selenium.remote.codec.w3c.W3CHttpResponseCodec.createException(W3CHttpResponseCodec.java:200)
	at org.openqa.selenium.remote.codec.w3c.W3CHttpResponseCodec.decode(W3CHttpResponseCodec.java:133)
	at org.openqa.selenium.remote.codec.w3c.W3CHttpResponseCodec.decode(W3CHttpResponseCodec.java:53)
	at org.openqa.selenium.remote.HttpCommandExecutor.execute(HttpCommandExecutor.java:184)
	at org.openqa.selenium.remote.service.DriverCommandExecutor.invokeExecute(DriverCommandExecutor.java:167)
	at org.openqa.selenium.remote.service.DriverCommandExecutor.execute(DriverCommandExecutor.java:142)
	at org.openqa.selenium.remote.RemoteWebDriver.execute(RemoteWebDriver.java:543)
	at org.openqa.selenium.remote.ElementLocation$ElementFinder$2.findElement(ElementLocation.java:162)
	at org.openqa.selenium.remote.ElementLocation.findElement(ElementLocation.java:60)
	at org.openqa.selenium.remote.RemoteWebDriver.findElement(RemoteWebDriver.java:367)
	at org.openqa.selenium.remote.RemoteWebDriver.findElement(RemoteWebDriver.java:359)
	at com.epam.healenium.handlers.proxy.BaseHandler.findElement(BaseHandler.java:62)
	at com.epam.healenium.handlers.proxy.SelfHealingProxyInvocationHandler.invoke(SelfHealingProxyInvocationHandler.java:39)
	at jdk.proxy2/jdk.proxy2.$Proxy41.findElement(Unknown Source)
	at com.sogeti.automation.test.pageFactory.E2CO_MyApplicationPage.selectAppForDebaord(E2CO_MyApplicationPage.java:644)
	at stepdefinitions.E2COTestSteps.selectApplicationForDeboarding(E2COTestSteps.java:1180)
	at âœ½.clicks on application which is to deboard the applicationMyApplication, 0(file:///C:/Users/APathrut/eclipse-workspace/e2colitmus/E2CO%2520Automation/src/test/resources/Features/WebUITests/E2COTests_MyApplication.feature:112)


    Embedding user able to deboard the application [image/png 63171 bytes]

  Then user is able to see the application details of onboarded application      # stepdefinitions.E2COTestSteps.verifyApplicationDetailsAreDisplayingForDeboard()
  When user click on Deboarding button                                           # stepdefinitions.E2COTestSteps.clickOnDeboardingButtonOfApp()
  Then user is able to see deboarding warning poupup messg                       # stepdefinitions.E2COTestSteps.verifyDeboardingOfAppWarningPopupMessgDispalyed()
  When user clicks on confirm button                                             # stepdefinitions.E2COTestSteps.clcikOnConfirmButton()
  Then user is able to see the application is removed from the list              # stepdefinitions.E2COTestSteps.verifyApplicationDeboardedIsRemovedFromDeboarded()
2023-03-11 14:36:05,068 [INFO] [LOCAL, LOCAL, LOCAL, LOCAL, LOCAL, LOCAL, LOCAL, E2COTestSteps] Execution status is: FAILED
]]></system-out>
    <system-err><![CDATA[[main] INFO io.github.bonigarcia.wdm.cache.ResolutionCache - Clearing WebDriverManager resolution cache
[main] INFO io.github.bonigarcia.wdm.WebDriverManager - Using chromedriver 110.0.5481.77 (resolved driver for Chrome 110)
[main] INFO io.github.bonigarcia.wdm.WebDriverManager - Exporting webdriver.chrome.driver as C:\Users\APathrut\.cache\selenium\chromedriver\win32\110.0.5481.77\chromedriver.exe
Starting ChromeDriver 110.0.5481.77 (65ed616c6e8ee3fe0ad64fe83796c020644d42af-refs/branch-heads/5481@{#839}) on port 55850
Only local connections are allowed.
Please see https://chromedriver.chromium.org/security-considerations for suggestions on keeping ChromeDriver safe.
ChromeDriver was started successfully.
Cleaning up unclosed ZipFile for archive C:\Users\APathrut\eclipse-workspace\e2colitmus\E2CO%20Automation\input-data\inputFiles\InputData.xlsx
[1678525545.459][WARNING]: virtual void DevToolsClientImpl::AddListener(DevToolsEventListener *) subscribing a listener to the already connected DevToolsClient. Connection notification will not arrive.
Mar 11, 2023 2:35:45 PM org.openqa.selenium.remote.ProtocolHandshake createSession
INFO: Detected dialect: W3C
Mar 11, 2023 2:35:45 PM org.openqa.selenium.devtools.CdpVersionFinder findNearestMatch
WARNING: Unable to find an exact match for CDP version 110, so returning the closest version found: a no-op implementation
Mar 11, 2023 2:35:45 PM org.openqa.selenium.devtools.CdpVersionFinder findNearestMatch
INFO: Unable to find CDP implementation matching 110.
Mar 11, 2023 2:35:45 PM org.openqa.selenium.chromium.ChromiumDriver lambda$new$3
WARNING: Unable to find version of CDP to use for . You may need to include a dependency on a specific version of the CDP using something similar to `org.seleniumhq.selenium:selenium-devtools-v86:4.1.1` where the version ("v86") matches the version of the chromium-based browser you're using and the version number of the artifact is the same as Selenium's.
]]></system-err>
  </testcase>
  <testcase name="runScenario" classname="runner.TestRunner" time="20.296">
    <failure message="no such element: Unable to locate element: {&quot;method&quot;:&quot;xpath&quot;,&quot;selector&quot;:&quot;//td[contains(text(),&apos;appdemo213&apos;)]&quot;}&#10;  (Session info: chrome=110.0.5481.180)&#10;For documentation on this error, please visit: https://selenium.dev/exceptions/#no_such_element&#10;Build info: version: &apos;4.1.1&apos;, revision: &apos;e8fcc2cecf&apos;&#10;System info: host: &apos;LIN24010693&apos;, ip: &apos;192.168.1.3&apos;, os.name: &apos;Windows 10&apos;, os.arch: &apos;amd64&apos;, os.version: &apos;10.0&apos;, java.version: &apos;16&apos;&#10;Driver info: org.openqa.selenium.chrome.ChromeDriver&#10;Command: [797a13f28213693bef5cd07dcfae650b, findElement {using=xpath, value=//td[contains(text(),&apos;appdemo213&apos;)]}]&#10;Capabilities {acceptInsecureCerts: false, browserName: chrome, browserVersion: 110.0.5481.180, chrome: {chromedriverVersion: 110.0.5481.77 (65ed616c6e8e..., userDataDir: C:\Program Files (x86)\scop...}, goog:chromeOptions: {debuggerAddress: localhost:60935}, javascriptEnabled: true, networkConnectionEnabled: false, pageLoadStrategy: eager, platform: WINDOWS, platformName: WINDOWS, proxy: Proxy(), se:cdp: ws://localhost:60935/devtoo..., se:cdpVersion: 110.0.5481.180, setWindowRect: true, strictFileInteractability: false, timeouts: {implicit: 0, pageLoad: 300000, script: 30000}, unhandledPromptBehavior: dismiss and notify, webauthn:extension:credBlob: true, webauthn:extension:largeBlob: true, webauthn:virtualAuthenticators: true}&#10;Session ID: 797a13f28213693bef5cd07dcfae650b" type="org.openqa.selenium.NoSuchElementException">org.openqa.selenium.NoSuchElementException: no such element: Unable to locate element: {"method":"xpath","selector":"//td[contains(text(),'appdemo213')]"}
  (Session info: chrome=110.0.5481.180)
For documentation on this error, please visit: https://selenium.dev/exceptions/#no_such_element
Build info: version: '4.1.1', revision: 'e8fcc2cecf'
System info: host: 'LIN24010693', ip: '192.168.1.3', os.name: 'Windows 10', os.arch: 'amd64', os.version: '10.0', java.version: '16'
Driver info: org.openqa.selenium.chrome.ChromeDriver
Command: [797a13f28213693bef5cd07dcfae650b, findElement {using=xpath, value=//td[contains(text(),'appdemo213')]}]
Capabilities {acceptInsecureCerts: false, browserName: chrome, browserVersion: 110.0.5481.180, chrome: {chromedriverVersion: 110.0.5481.77 (65ed616c6e8e..., userDataDir: C:\Program Files (x86)\scop...}, goog:chromeOptions: {debuggerAddress: localhost:60935}, javascriptEnabled: true, networkConnectionEnabled: false, pageLoadStrategy: eager, platform: WINDOWS, platformName: WINDOWS, proxy: Proxy(), se:cdp: ws://localhost:60935/devtoo..., se:cdpVersion: 110.0.5481.180, setWindowRect: true, strictFileInteractability: false, timeouts: {implicit: 0, pageLoad: 300000, script: 30000}, unhandledPromptBehavior: dismiss and notify, webauthn:extension:credBlob: true, webauthn:extension:largeBlob: true, webauthn:virtualAuthenticators: true}
Session ID: 797a13f28213693bef5cd07dcfae650b
	at java.base/jdk.internal.reflect.NativeConstructorAccessorImpl.newInstance0(Native Method)
	at java.base/jdk.internal.reflect.NativeConstructorAccessorImpl.newInstance(NativeConstructorAccessorImpl.java:78)
	at java.base/jdk.internal.reflect.DelegatingConstructorAccessorImpl.newInstance(DelegatingConstructorAccessorImpl.java:45)
	at java.base/java.lang.reflect.Constructor.newInstanceWithCaller(Constructor.java:499)
	at java.base/java.lang.reflect.Constructor.newInstance(Constructor.java:480)
	at org.openqa.selenium.remote.codec.w3c.W3CHttpResponseCodec.createException(W3CHttpResponseCodec.java:200)
	at org.openqa.selenium.remote.codec.w3c.W3CHttpResponseCodec.decode(W3CHttpResponseCodec.java:133)
	at org.openqa.selenium.remote.codec.w3c.W3CHttpResponseCodec.decode(W3CHttpResponseCodec.java:53)
	at org.openqa.selenium.remote.HttpCommandExecutor.execute(HttpCommandExecutor.java:184)
	at org.openqa.selenium.remote.service.DriverCommandExecutor.invokeExecute(DriverCommandExecutor.java:167)
	at org.openqa.selenium.remote.service.DriverCommandExecutor.execute(DriverCommandExecutor.java:142)
	at org.openqa.selenium.remote.RemoteWebDriver.execute(RemoteWebDriver.java:543)
	at org.openqa.selenium.remote.ElementLocation$ElementFinder$2.findElement(ElementLocation.java:162)
	at org.openqa.selenium.remote.ElementLocation.findElement(ElementLocation.java:60)
	at org.openqa.selenium.remote.RemoteWebDriver.findElement(RemoteWebDriver.java:367)
	at org.openqa.selenium.remote.RemoteWebDriver.findElement(RemoteWebDriver.java:359)
	at com.epam.healenium.handlers.proxy.BaseHandler.findElement(BaseHandler.java:62)
	at com.epam.healenium.handlers.proxy.SelfHealingProxyInvocationHandler.invoke(SelfHealingProxyInvocationHandler.java:39)
	at jdk.proxy2/jdk.proxy2.$Proxy41.findElement(Unknown Source)
	at com.sogeti.automation.test.pageFactory.E2CO_MyApplicationPage.selectAppForDebaord(E2CO_MyApplicationPage.java:644)
	at stepdefinitions.E2COTestSteps.selectApplicationForDeboarding(E2COTestSteps.java:1180)
	at ✽.clicks on application which is to deboard the applicationMyApplication, 1(file:///C:/Users/APathrut/eclipse-workspace/e2colitmus/E2CO%2520Automation/src/test/resources/Features/WebUITests/E2COTests_MyApplication.feature:112)
</failure>
    <system-out><![CDATA[
@myapplication
Scenario Outline: user able to deboard the application                           # src/test/resources/Features/WebUITests/E2COTests_MyApplication.feature:121
2023-03-11 14:36:05,081 [INFO] [LOCAL, LOCAL, LOCAL, LOCAL, LOCAL, LOCAL, LOCAL, qa.properties] Received parameter 'TestEnvironment' = QA
2023-03-11 14:36:05,081 [INFO] [LOCAL, LOCAL, LOCAL, LOCAL, LOCAL, LOCAL, LOCAL, qa.properties] Initializing self healing driver
2023-03-11 14:36:06,988 [INFO] [LOCAL, LOCAL, LOCAL, LOCAL, LOCAL, LOCAL, LOCAL, LOCAL, CHROME] New driver instantiated.
2023-03-11 14:36:09,878 [INFO] [LOCAL, LOCAL, LOCAL, LOCAL, LOCAL, LOCAL, LOCAL, LOCAL, qa.properties] Received parameter 'TestEnvironment' = QA
2023-03-11 14:36:09,878 [INFO] [LOCAL, LOCAL, LOCAL, LOCAL, LOCAL, LOCAL, LOCAL, LOCAL, CommonSteps] Scenario Name: user able to deboard the application
2023-03-11 14:36:09,879 [INFO] [LOCAL, LOCAL, LOCAL, LOCAL, LOCAL, LOCAL, LOCAL, LOCAL, qa.properties] Received parameter 'TestEnvironment' = QA
2023-03-11 14:36:10,181 [INFO] [LOCAL, LOCAL, LOCAL, LOCAL, LOCAL, LOCAL, LOCAL, LOCAL, E2COTestSteps] Entered username
2023-03-11 14:36:10,277 [INFO] [LOCAL, LOCAL, LOCAL, LOCAL, LOCAL, LOCAL, LOCAL, LOCAL, E2COTestSteps] Entered password
2023-03-11 14:36:10,373 [INFO] [LOCAL, LOCAL, LOCAL, LOCAL, LOCAL, LOCAL, LOCAL, LOCAL, E2COTestSteps] Entered domain
  When user logs into MEC portalAdmin                                            # stepdefinitions.E2COTestSteps.login(java.lang.String)

    Embedding user able to deboard the application [image/png 500422 bytes]

  And user is on Dashboard page                                                  # stepdefinitions.E2COTestSteps.verifyUserisOnDashboard()

    Embedding user able to deboard the application [image/png 96768 bytes]

2023-03-11 14:36:11,302 [INFO] [LOCAL, LOCAL, LOCAL, LOCAL, LOCAL, LOCAL, LOCAL, LOCAL, E2COTestSteps] Clicked on my application menu
  And user clicks on my application                                              # stepdefinitions.E2COTestSteps.clickOnMyApplication()

    Embedding user able to deboard the application [image/png 201595 bytes]

1
  Then user is on my application page                                            # stepdefinitions.E2COTestSteps.verifyUserIsOnMyApplicationPage()

    Embedding user able to deboard the application [image/png 66945 bytes]

1
  When clicks on application which is to deboard the applicationMyApplication, 1 # stepdefinitions.E2COTestSteps.selectApplicationForDeboarding(java.lang.String,int)
      org.openqa.selenium.NoSuchElementException: no such element: Unable to locate element: {"method":"xpath","selector":"//td[contains(text(),'appdemo213')]"}
  (Session info: chrome=110.0.5481.180)
For documentation on this error, please visit: https://selenium.dev/exceptions/#no_such_element
Build info: version: '4.1.1', revision: 'e8fcc2cecf'
System info: host: 'LIN24010693', ip: '192.168.1.3', os.name: 'Windows 10', os.arch: 'amd64', os.version: '10.0', java.version: '16'
Driver info: org.openqa.selenium.chrome.ChromeDriver
Command: [797a13f28213693bef5cd07dcfae650b, findElement {using=xpath, value=//td[contains(text(),'appdemo213')]}]
Capabilities {acceptInsecureCerts: false, browserName: chrome, browserVersion: 110.0.5481.180, chrome: {chromedriverVersion: 110.0.5481.77 (65ed616c6e8e..., userDataDir: C:\Program Files (x86)\scop...}, goog:chromeOptions: {debuggerAddress: localhost:60935}, javascriptEnabled: true, networkConnectionEnabled: false, pageLoadStrategy: eager, platform: WINDOWS, platformName: WINDOWS, proxy: Proxy(), se:cdp: ws://localhost:60935/devtoo..., se:cdpVersion: 110.0.5481.180, setWindowRect: true, strictFileInteractability: false, timeouts: {implicit: 0, pageLoad: 300000, script: 30000}, unhandledPromptBehavior: dismiss and notify, webauthn:extension:credBlob: true, webauthn:extension:largeBlob: true, webauthn:virtualAuthenticators: true}
Session ID: 797a13f28213693bef5cd07dcfae650b
	at java.base/jdk.internal.reflect.NativeConstructorAccessorImpl.newInstance0(Native Method)
	at java.base/jdk.internal.reflect.NativeConstructorAccessorImpl.newInstance(NativeConstructorAccessorImpl.java:78)
	at java.base/jdk.internal.reflect.DelegatingConstructorAccessorImpl.newInstance(DelegatingConstructorAccessorImpl.java:45)
	at java.base/java.lang.reflect.Constructor.newInstanceWithCaller(Constructor.java:499)
	at java.base/java.lang.reflect.Constructor.newInstance(Constructor.java:480)
	at org.openqa.selenium.remote.codec.w3c.W3CHttpResponseCodec.createException(W3CHttpResponseCodec.java:200)
	at org.openqa.selenium.remote.codec.w3c.W3CHttpResponseCodec.decode(W3CHttpResponseCodec.java:133)
	at org.openqa.selenium.remote.codec.w3c.W3CHttpResponseCodec.decode(W3CHttpResponseCodec.java:53)
	at org.openqa.selenium.remote.HttpCommandExecutor.execute(HttpCommandExecutor.java:184)
	at org.openqa.selenium.remote.service.DriverCommandExecutor.invokeExecute(DriverCommandExecutor.java:167)
	at org.openqa.selenium.remote.service.DriverCommandExecutor.execute(DriverCommandExecutor.java:142)
	at org.openqa.selenium.remote.RemoteWebDriver.execute(RemoteWebDriver.java:543)
	at org.openqa.selenium.remote.ElementLocation$ElementFinder$2.findElement(ElementLocation.java:162)
	at org.openqa.selenium.remote.ElementLocation.findElement(ElementLocation.java:60)
	at org.openqa.selenium.remote.RemoteWebDriver.findElement(RemoteWebDriver.java:367)
	at org.openqa.selenium.remote.RemoteWebDriver.findElement(RemoteWebDriver.java:359)
	at com.epam.healenium.handlers.proxy.BaseHandler.findElement(BaseHandler.java:62)
	at com.epam.healenium.handlers.proxy.SelfHealingProxyInvocationHandler.invoke(SelfHealingProxyInvocationHandler.java:39)
	at jdk.proxy2/jdk.proxy2.$Proxy41.findElement(Unknown Source)
	at com.sogeti.automation.test.pageFactory.E2CO_MyApplicationPage.selectAppForDebaord(E2CO_MyApplicationPage.java:644)
	at stepdefinitions.E2COTestSteps.selectApplicationForDeboarding(E2COTestSteps.java:1180)
	at âœ½.clicks on application which is to deboard the applicationMyApplication, 1(file:///C:/Users/APathrut/eclipse-workspace/e2colitmus/E2CO%2520Automation/src/test/resources/Features/WebUITests/E2COTests_MyApplication.feature:112)


    Embedding user able to deboard the application [image/png 63171 bytes]

  Then user is able to see the application details of onboarded application      # stepdefinitions.E2COTestSteps.verifyApplicationDetailsAreDisplayingForDeboard()
  When user click on Deboarding button                                           # stepdefinitions.E2COTestSteps.clickOnDeboardingButtonOfApp()
  Then user is able to see deboarding warning poupup messg                       # stepdefinitions.E2COTestSteps.verifyDeboardingOfAppWarningPopupMessgDispalyed()
  When user clicks on confirm button                                             # stepdefinitions.E2COTestSteps.clcikOnConfirmButton()
  Then user is able to see the application is removed from the list              # stepdefinitions.E2COTestSteps.verifyApplicationDeboardedIsRemovedFromDeboarded()
2023-03-11 14:36:25,368 [INFO] [LOCAL, LOCAL, LOCAL, LOCAL, LOCAL, LOCAL, LOCAL, LOCAL, E2COTestSteps] Execution status is: FAILED
]]></system-out>
    <system-err><![CDATA[[main] INFO io.github.bonigarcia.wdm.cache.ResolutionCache - Clearing WebDriverManager resolution cache
[main] INFO io.github.bonigarcia.wdm.WebDriverManager - Using chromedriver 110.0.5481.77 (resolved driver for Chrome 110)
[main] INFO io.github.bonigarcia.wdm.WebDriverManager - Exporting webdriver.chrome.driver as C:\Users\APathrut\.cache\selenium\chromedriver\win32\110.0.5481.77\chromedriver.exe
Starting ChromeDriver 110.0.5481.77 (65ed616c6e8ee3fe0ad64fe83796c020644d42af-refs/branch-heads/5481@{#839}) on port 56296
Only local connections are allowed.
Please see https://chromedriver.chromium.org/security-considerations for suggestions on keeping ChromeDriver safe.
ChromeDriver was started successfully.
Cleaning up unclosed ZipFile for archive C:\Users\APathrut\eclipse-workspace\e2colitmus\E2CO%20Automation\input-data\inputFiles\InputData.xlsx
[1678525566.858][WARNING]: virtual void DevToolsClientImpl::AddListener(DevToolsEventListener *) subscribing a listener to the already connected DevToolsClient. Connection notification will not arrive.
Mar 11, 2023 2:36:06 PM org.openqa.selenium.remote.ProtocolHandshake createSession
INFO: Detected dialect: W3C
Mar 11, 2023 2:36:06 PM org.openqa.selenium.devtools.CdpVersionFinder findNearestMatch
WARNING: Unable to find an exact match for CDP version 110, so returning the closest version found: a no-op implementation
Mar 11, 2023 2:36:06 PM org.openqa.selenium.devtools.CdpVersionFinder findNearestMatch
INFO: Unable to find CDP implementation matching 110.
Mar 11, 2023 2:36:06 PM org.openqa.selenium.chromium.ChromiumDriver lambda$new$3
WARNING: Unable to find version of CDP to use for . You may need to include a dependency on a specific version of the CDP using something similar to `org.seleniumhq.selenium:selenium-devtools-v86:4.1.1` where the version ("v86") matches the version of the chromium-based browser you're using and the version number of the artifact is the same as Selenium's.
]]></system-err>
  </testcase>
</testsuite>